a1SELECTION DES INDIVIDUS ET DES VARIABLES UTILES          
b2VARIABLES NOMINALES ILLUSTRATIVES
X      3 VARIABLES      21 MODALITES ASSOCIEES
 E----------------------------------------------------------------------------------------------------------------------------------
    45 . FdGrp_Desc                                                   (  10 MODALITES )
    46 . Rec_Water_.g.                                                (   6 MODALITES )
    47 . Rec_FA_Sat_.g.                                               (   5 MODALITES )
 F----------------------------------------------------------------------------------------------------------------------------------
b2VARIABLES CONTINUES ACTIVES
X     41 VARIABLES
 E----------------------------------------------------------------------------------------------------------------------------------
     2 . Energ_Kcal                                                   ( CONTINUE )
     3 . Protein_.g.                                                  ( CONTINUE )
     4 . Lipid_Tot_.g.                                                ( CONTINUE )
     5 . Ash_.g.                                                      ( CONTINUE )
     6 . Carbohydrt_.g.                                               ( CONTINUE )
     7 . Fiber_TD_.g.                                                 ( CONTINUE )
     8 . Sugar_Tot_.g.                                                ( CONTINUE )
     9 . Calcium_.mg.                                                 ( CONTINUE )
    10 . Iron_.mg.                                                    ( CONTINUE )
    11 . Magnesium_.mg.                                               ( CONTINUE )
    12 . Phosphorus_.mg.                                              ( CONTINUE )
    13 . Potassium_.mg.                                               ( CONTINUE )
    14 . Sodium_.mg.                                                  ( CONTINUE )
    15 . Zinc_.mg.                                                    ( CONTINUE )
    16 . Copper_mg.                                                   ( CONTINUE )
    17 . Manganese_.mg.                                               ( CONTINUE )
    18 . Selenium_.µg.                                                ( CONTINUE )
    19 . Vit_C_.mg.                                                   ( CONTINUE )
    20 . Thiamin_.mg.                                                 ( CONTINUE )
    21 . Riboflavin_.mg.                                              ( CONTINUE )
    22 . Niacin_.mg.                                                  ( CONTINUE )
    23 . Panto_Acid_mg.                                               ( CONTINUE )
    24 . Vit_B6_.mg.                                                  ( CONTINUE )
    25 . Folate_Tot_.µg.                                              ( CONTINUE )
    27 . Food_Folate_.µg.                                             ( CONTINUE )
    28 . Folate_DFE_.µg.                                              ( CONTINUE )
    29 . Choline_Tot_..mg.                                            ( CONTINUE )
    30 . Vit_B12_.µg.                                                 ( CONTINUE )
    31 . Vit_A_IU                                                     ( CONTINUE )
    32 . Retinol_.µg.                                                 ( CONTINUE )
    33 . Alpha_Carot_.µg.                                             ( CONTINUE )
    34 . Beta_Carot_.µg.                                              ( CONTINUE )
    35 . Beta_Crypt_.µg.                                              ( CONTINUE )
    36 . Lycopene_.µg.                                                ( CONTINUE )
    37 . Lut.Zea_..µg.                                                ( CONTINUE )
    38 . Vit_E_.mg.                                                   ( CONTINUE )
    39 . Vit_D_IU                                                     ( CONTINUE )
    40 . Vit_K_.µg.                                                   ( CONTINUE )
    42 . FA_Mono_.g.                                                  ( CONTINUE )
    43 . FA_Poly_.g.                                                  ( CONTINUE )
    44 . Cholestrl_.mg.                                               ( CONTINUE )
 F----------------------------------------------------------------------------------------------------------------------------------
b2VARIABLES CONTINUES ILLUSTRATIVES
X      2 VARIABLES
 E----------------------------------------------------------------------------------------------------------------------------------
     1 . Water_.g.                                                    ( CONTINUE )
    41 . FA_Sat_.g.                                                   ( CONTINUE )
 F----------------------------------------------------------------------------------------------------------------------------------
Z 
p 
B2INDIVIDUS
 E----------------------------- NOMBRE -------------- POIDS ---------------
   POIDS DES INDIVIDUS: Poids des individus, uniforme egal a 1.                 UNIF
   RETENUS ............ NITOT =    214      PITOT =             214.000
   ACTIFS ............. NIACT =    214      PIACT =             214.000
   SUPPLEMENTAIRES .... NISUP =      0      PISUP =               0.000
 F-------------------------------------------------------------------------
Z 
Z 
P 
a1ANALYSE EN COMPOSANTES PRINCIPALES                       
b2STATISTIQUES SOMMAIRES DES VARIABLES CONTINUES
 EEFFECTIF TOTAL :     214             POIDS TOTAL    :     214.00
 e+-------------------------------------------------------+----------------------+----------------------+
 e| NUM . IDEN - LIBELLE               EFFECTIF    POIDS  |  MOYENNE  ECART-TYPE |   MINIMUM   MAXIMUM  |
 e+-------------------------------------------------------+----------------------+----------------------+
  |   2 . Ener - Energ_Kcal               214     214.00  |    120.37    127.49  |     11.00    718.00  |
  |   3 . Prot - Protein_.g.              214     214.00  |      9.24      9.20  |      0.26     37.81  |
  |   4 . Lipi - Lipid_Tot_.g.            214     214.00  |      4.92     11.39  |      0.03     81.11  |
  |   5 . Ash_ - Ash_.g.                  214     214.00  |      1.16      0.96  |      0.12      7.20  |
  |   6 . Carb - Carbohydrt_.g.           214     214.00  |     10.55     16.80  |      0.00     79.95  |
  |   7 . Fibe - Fiber_TD_.g.             214     214.00  |      2.23      3.56  |      0.00     25.00  |
  |   8 . Suga - Sugar_Tot_.g.            214     214.00  |      2.86      3.63  |      0.00     16.26  |
  |   9 . Calc - Calcium_.mg.             214     214.00  |     47.79     83.54  |      1.00    674.00  |
  |  10 . Iron - Iron_.mg.                214     214.00  |      1.32      1.95  |      0.00     15.70  |
  |  11 . Magn - Magnesium_.mg.           214     214.00  |     33.81     48.84  |      1.00    429.00  |
  |  12 . Phos - Phosphorus_.mg.          214     214.00  |    130.89    126.33  |      5.00    734.00  |
  |  13 . Pota - Potassium_.mg.           214     214.00  |    317.41    288.22  |     24.00   2515.00  |
  |  14 . Sodi - Sodium_.mg.              214     214.00  |     78.10    164.87  |      0.00   1146.00  |
  |  15 . Zinc - Zinc_.mg.                214     214.00  |      1.26      2.92  |      0.02     39.30  |
  |  16 . Copp - Copper_mg.               214     214.00  |      0.19      0.37  |      0.00      2.92  |
  |  17 . Mang - Manganese_.mg.           214     214.00  |      0.41      1.57  |      0.00     21.31  |
  |  18 . Sele - Selenium_.µg.            214     214.00  |     11.48     15.87  |      0.00     90.60  |
  |  19 . Vit_ - Vit_C_.mg.               214     214.00  |     14.76     27.34  |      0.00    242.50  |
  |  20 . Thia - Thiamin_.mg.             214     214.00  |      0.13      0.20  |      0.00      1.17  |
  |  21 . Ribo - Riboflavin_.mg.          214     214.00  |      0.15      0.19  |      0.01      1.78  |
  |  22 . Niac - Niacin_.mg.              214     214.00  |      2.22      2.80  |      0.02     18.48  |
  |  23 . Pant - Panto_Acid_mg.           214     214.00  |      0.58      0.63  |      0.05      6.23  |
  |  24 . Vit_ - Vit_B6_.mg.              214     214.00  |      0.21      0.20  |      0.00      1.24  |
  |  25 . Fola - Folate_Tot_.µg.          214     214.00  |     52.03    108.59  |      0.00    633.00  |
  |  27 . Food - Food_Folate_.µg.         214     214.00  |     50.99    107.93  |      0.00    633.00  |
  |  28 . Fola - Folate_DFE_.µg.          214     214.00  |     52.76    110.30  |      0.00    633.00  |
  |  29 . Chol - Choline_Tot_..mg.        214     214.00  |     40.20     46.26  |      0.00    293.80  |
  |  30 . Vit_ - Vit_B12_.µg.             214     214.00  |      1.11      2.68  |      0.00     20.00  |
  |  31 . Vit_ - Vit_A_IU                 214     214.00  |    937.29   2878.78  |      0.00  27521.00  |
  |  32 . Reti - Retinol_.µg.             214     214.00  |     44.37    248.94  |      0.00   3290.00  |
  |  33 . Alph - Alpha_Carot_.µg.         214     214.00  |     45.16    364.18  |      0.00   4016.00  |
  |  34 . Beta - Beta_Carot_.µg.          214     214.00  |    442.73   1592.50  |      0.00  16194.00  |
  |  35 . Beta - Beta_Crypt_.µg.          214     214.00  |     16.77     66.87  |      0.00    589.00  |
  |  36 . Lyco - Lycopene_.µg.            214     214.00  |     48.64    386.75  |      0.00   4532.00  |
  |  37 . Lut. - Lut.Zea_..µg.            214     214.00  |    420.44   1704.46  |      0.00  13610.00  |
  |  38 . Vit_ - Vit_E_.mg.               214     214.00  |      0.67      1.05  |      0.00      8.93  |
  |  39 . Vit_ - Vit_D_IU                 214     214.00  |     42.13    150.11  |      0.00   1123.00  |
  |  40 . Vit_ - Vit_K_.µg.               214     214.00  |     26.96     97.66  |      0.00    830.00  |
  |  42 . FA_M - FA_Mono_.g.              214     214.00  |      1.74      4.13  |      0.00     28.04  |
  |  43 . FA_P - FA_Poly_.g.              214     214.00  |      0.77      1.94  |      0.00     15.56  |
  |  44 . Chol - Cholestrl_.mg.           214     214.00  |     41.35    110.71  |      0.00    884.00  |
  |-------------------------------------------------------|----------------------|-----------------------
  |   1 . Wate - Water_.g.                214     214.00  |     74.19     23.08  |      5.16     96.73  |
  |  41 . FA_S - FA_Sat_.g.               214     214.00  |      1.87      5.72  |      0.01     51.37  |
 f+-------------------------------------------------------+----------------------+----------------------+
Z 
p 
b2MATRICE DES CORRELATIONS
cE     |   Ener   Prot   Lipi   Ash_   Carb   Fibe   Suga   Calc   Iron   Magn   Phos   Pota   Sodi   Zinc   Copp   Mang   Sele
  -----+-----------------------------------------------------------------------------------------------------------------------
  Ener |   1.00
  Prot |   0.54   1.00
  Lipi |   0.81   0.27   1.00
  Ash_ |   0.49   0.53   0.26   1.00
  Carb |   0.39   0.03  -0.14   0.28   1.00
  Fibe |   0.28   0.07  -0.10   0.38   0.74   1.00
  Suga |  -0.19  -0.45  -0.22  -0.21   0.26   0.27   1.00
  Calc |   0.28   0.22   0.22   0.67   0.09   0.19  -0.06   1.00
  Iron |   0.43   0.50   0.07   0.56   0.46   0.55  -0.07   0.25   1.00
  Magn |   0.44   0.45   0.07   0.64   0.55   0.66   0.02   0.31   0.71   1.00
  Phos |   0.56   0.86   0.23   0.66   0.26   0.28  -0.36   0.37   0.59   0.63   1.00
  Pota |   0.37   0.45   0.02   0.57   0.47   0.64   0.02   0.24   0.70   0.83   0.52   1.00
  Sodi |   0.31   0.24   0.42   0.60  -0.21  -0.24  -0.28   0.55  -0.04  -0.04   0.29  -0.17   1.00
  Zinc |   0.21   0.31   0.10   0.18   0.07   0.06  -0.17   0.11   0.35   0.18   0.29   0.15   0.07   1.00
  Copp |   0.30   0.34   0.05   0.43   0.34   0.41   0.02   0.20   0.62   0.67   0.39   0.62  -0.04   0.61   1.00
  Mang |   0.25   0.14   0.00   0.29   0.45   0.42   0.15   0.11   0.32   0.35   0.24   0.28  -0.05   0.08   0.25   1.00
  Sele |   0.20   0.67   0.10   0.20  -0.17  -0.23  -0.49  -0.01   0.20   0.09   0.56   0.02   0.24   0.18   0.13  -0.03   1.00
  Vit_ |  -0.30  -0.41  -0.21  -0.21  -0.02   0.04   0.27  -0.06  -0.13  -0.12  -0.36  -0.07  -0.20  -0.17  -0.11  -0.04  -0.34
  Thia |   0.45   0.48   0.10   0.42   0.50   0.51  -0.07   0.10   0.62   0.60   0.60   0.59  -0.12   0.17   0.38   0.33   0.18
  Ribo |   0.32   0.50   0.22   0.46  -0.01   0.07  -0.19   0.36   0.54   0.38   0.53   0.35   0.23   0.21   0.37   0.10   0.31
  Niac |   0.31   0.65   0.19   0.11  -0.08  -0.12  -0.39  -0.16   0.16   0.15   0.46   0.14  -0.04   0.20   0.08  -0.01   0.54
  Pant |   0.34   0.48   0.16   0.34   0.13   0.11  -0.26   0.12   0.47   0.27   0.51   0.24   0.15   0.15   0.25   0.17   0.37
  Vit_ |   0.27   0.61   0.04   0.26   0.10   0.06  -0.31   0.05   0.33   0.24   0.50   0.32  -0.02   0.17   0.13   0.16   0.45
  Fola |   0.38   0.31   0.01   0.55   0.57   0.68   0.10   0.25   0.76   0.64   0.42   0.67  -0.05   0.14   0.48   0.46  -0.06
  Food |   0.36   0.31   0.01   0.56   0.53   0.69   0.11   0.25   0.75   0.64   0.42   0.68  -0.05   0.14   0.48   0.46  -0.06
  Fola |   0.38   0.30   0.00   0.54   0.59   0.67   0.09   0.24   0.75   0.63   0.41   0.66  -0.06   0.13   0.47   0.46  -0.05
  Chol |   0.32   0.65   0.17   0.28  -0.05   0.00  -0.35   0.02   0.47   0.28   0.58   0.29   0.10   0.25   0.28   0.10   0.57
  Vit_ |   0.07   0.37   0.07   0.09  -0.23  -0.26  -0.31  -0.02   0.26  -0.04   0.28  -0.06   0.21   0.26   0.12  -0.03   0.55
  Vit_ |  -0.10  -0.16  -0.03   0.04  -0.05   0.09   0.01   0.24   0.07   0.02  -0.13  -0.01  -0.01  -0.07  -0.01   0.05  -0.12
  Reti |   0.17   0.12   0.23   0.07  -0.10  -0.11  -0.13   0.05   0.22  -0.05   0.14  -0.07   0.17   0.03   0.01  -0.03   0.21
  Alph |  -0.08  -0.11  -0.05  -0.03  -0.01   0.01   0.04   0.01  -0.03  -0.04  -0.09   0.00  -0.04  -0.04  -0.03  -0.01  -0.09
  Beta |  -0.15  -0.20  -0.10   0.03  -0.02   0.13   0.04   0.24   0.02   0.05  -0.17   0.02  -0.06  -0.08  -0.01   0.06  -0.19
  Beta |  -0.14  -0.22  -0.09  -0.15  -0.01  -0.01   0.28  -0.05  -0.10  -0.09  -0.20  -0.08  -0.10  -0.09  -0.08  -0.05  -0.17
  Lyco |  -0.09  -0.12  -0.05  -0.10  -0.02  -0.04   0.10  -0.05  -0.07  -0.06  -0.11  -0.07  -0.06  -0.05  -0.05  -0.03  -0.09
  Lut. |  -0.16  -0.17  -0.09   0.05  -0.06   0.04  -0.09   0.16   0.04   0.05  -0.14   0.05  -0.02  -0.07  -0.02   0.01  -0.15
  Vit_ |   0.16   0.07   0.22   0.15  -0.05   0.05  -0.04   0.06   0.11   0.18   0.10   0.12   0.04   0.00   0.17   0.07   0.05
  Vit_ |   0.04   0.22   0.06   0.01  -0.16  -0.15  -0.20  -0.08  -0.08  -0.03   0.22  -0.02  -0.01  -0.03  -0.08  -0.07   0.22
  Vit_ |  -0.16  -0.17  -0.09   0.09  -0.06   0.07  -0.10   0.19   0.07   0.09  -0.14   0.09  -0.02  -0.07   0.01   0.02  -0.17
  FA_M |   0.76   0.28   0.95   0.18  -0.16  -0.10  -0.24   0.13   0.06   0.04   0.21   0.01   0.29   0.10   0.03  -0.02   0.12
  FA_P |   0.65   0.38   0.67   0.28   0.03   0.14  -0.07   0.13   0.36   0.47   0.40   0.39   0.03   0.12   0.39   0.18   0.11
  Chol |   0.22   0.27   0.30   0.06  -0.22  -0.23  -0.26   0.04   0.16  -0.10   0.23  -0.12   0.23   0.08  -0.01  -0.08   0.41
  -----+-----------------------------------------------------------------------------------------------------------------------
 F     |   Ener   Prot   Lipi   Ash_   Carb   Fibe   Suga   Calc   Iron   Magn   Phos   Pota   Sodi   Zinc   Copp   Mang   Sele
Z 
p 
cE     |   Vit_   Thia   Ribo   Niac   Pant   Vit_   Fola   Food   Fola   Chol   Vit_   Vit_   Reti   Alph   Beta   Beta   Lyco
  -----+-----------------------------------------------------------------------------------------------------------------------
  Vit_ |   1.00
  Thia |  -0.14   1.00
  Ribo |  -0.17   0.35   1.00
  Niac |  -0.28   0.27   0.34   1.00
  Pant |  -0.22   0.40   0.70   0.40   1.00
  Vit_ |  -0.10   0.39   0.42   0.67   0.43   1.00
  Fola |  -0.04   0.58   0.42   0.04   0.50   0.23   1.00
  Food |  -0.03   0.56   0.43   0.04   0.50   0.23   0.99   1.00
  Fola |  -0.04   0.59   0.41   0.05   0.50   0.22   1.00   0.97   1.00
  Chol |  -0.29   0.31   0.59   0.39   0.59   0.41   0.31   0.32   0.30   1.00
  Vit_ |  -0.19  -0.02   0.33   0.29   0.35   0.24   0.02   0.02   0.01   0.40   1.00
  Vit_ |   0.08  -0.07   0.17  -0.07   0.06   0.02   0.10   0.10   0.09  -0.07   0.01   1.00
  Reti |  -0.05   0.03   0.56   0.18   0.58   0.18   0.27   0.27   0.27   0.28   0.44   0.24   1.00
  Alph |  -0.01  -0.04  -0.02  -0.06  -0.06  -0.05  -0.03  -0.03  -0.03  -0.08  -0.05   0.47  -0.02   1.00
  Beta |   0.10  -0.08   0.02  -0.12  -0.11  -0.03   0.03   0.03   0.02  -0.16  -0.11   0.95  -0.04   0.40   1.00
  Beta |   0.33  -0.09  -0.10  -0.14  -0.11  -0.12  -0.05  -0.04  -0.05  -0.15  -0.10   0.07  -0.03   0.00   0.06   1.00
  Lyco |   0.03  -0.06  -0.08  -0.08  -0.07  -0.10  -0.04  -0.04  -0.04  -0.09  -0.05  -0.01  -0.02  -0.01   0.00   0.23   1.00
  Lut. |   0.16  -0.05   0.01  -0.13  -0.09  -0.06   0.05   0.05   0.04  -0.09  -0.10   0.43  -0.04   0.07   0.47   0.04  -0.03
  Vit_ |   0.03   0.08   0.04   0.10   0.16   0.03   0.09   0.09   0.08   0.10   0.05   0.20   0.10   0.04   0.18   0.12  -0.05
  Vit_ |  -0.14   0.03   0.02   0.29   0.06   0.11  -0.10  -0.10  -0.10   0.18   0.18  -0.04   0.13  -0.03  -0.08  -0.07  -0.04
  Vit_ |   0.17  -0.04   0.02  -0.14  -0.09  -0.07   0.07   0.07   0.07  -0.10  -0.11   0.43  -0.05   0.03   0.48   0.06  -0.03
  FA_M |  -0.21   0.10   0.18   0.25   0.19   0.06  -0.01  -0.01  -0.01   0.19   0.08  -0.05   0.18  -0.05  -0.11  -0.09  -0.05
  FA_P |  -0.16   0.33   0.32   0.28   0.25   0.15   0.22   0.23   0.22   0.28   0.06  -0.05   0.07  -0.04  -0.07  -0.08  -0.05
  Chol |  -0.19   0.00   0.41   0.09   0.41   0.12   0.01   0.01   0.01   0.76   0.30  -0.01   0.32  -0.05  -0.10  -0.07  -0.05
  -----+-----------------------------------------------------------------------------------------------------------------------
 F     |   Vit_   Thia   Ribo   Niac   Pant   Vit_   Fola   Food   Fola   Chol   Vit_   Vit_   Reti   Alph   Beta   Beta   Lyco
Z 
p 
cE     |   Lut.   Vit_   Vit_   Vit_   FA_M   FA_P   Chol
  -----+-------------------------------------------------
  Lut. |   1.00
  Vit_ |   0.25   1.00
  Vit_ |  -0.07   0.13   1.00
  Vit_ |   0.89   0.26  -0.08   1.00
  FA_M |  -0.09   0.27   0.08  -0.09   1.00
  FA_P |  -0.07   0.35   0.09  -0.05   0.74   1.00
  Chol |  -0.06   0.09   0.09  -0.10   0.29   0.12   1.00
  -----+-------------------------------------------------
 F     |   Lut.   Vit_   Vit_   Vit_   FA_M   FA_P   Chol
Z 
Z 
p 
b2MATRICE DES VALEURS-TESTS
cE     |   Ener   Prot   Lipi   Ash_   Carb   Fibe   Suga   Calc   Iron   Magn   Phos   Pota   Sodi   Zinc   Copp   Mang   Sele
  -----+-----------------------------------------------------------------------------------------------------------------------
  Ener |  99.99
  Prot |   8.74  99.99
  Lipi |  16.30   4.06  99.99
  Ash_ |   7.87   8.55   3.91  99.99
  Carb |   5.95   0.39  -2.10   4.15  99.99
  Fibe |   4.25   0.98  -1.47   5.86  14.05  99.99
  Suga |  -2.83  -7.01  -3.30  -3.08   3.94   3.98  99.99
  Calc |   4.16   3.30   3.24  11.74   1.28   2.82  -0.86  99.99
  Iron |   6.67   8.01   1.09   9.28   7.19   8.95  -1.06   3.81  99.99
  Magn |   6.83   7.16   0.98  11.15   9.10  11.73   0.35   4.64  12.93  99.99
  Phos |   9.26  18.84   3.47  11.59   3.96   4.20  -5.45   5.68   9.97  10.86  99.99
  Pota |   5.72   7.03   0.34   9.38   7.37  11.16   0.32   3.51  12.55  17.59   8.48  99.99
  Sodi |   4.66   3.59   6.54  10.15  -3.11  -3.56  -4.22   9.09  -0.57  -0.59   4.30  -2.52  99.99
  Zinc |   3.10   4.74   1.44   2.73   1.03   0.82  -2.55   1.64   5.33   2.71   4.35   2.22   1.02  99.99
  Copp |   4.51   5.13   0.71   6.70   5.18   6.40   0.22   2.94  10.52  11.81   6.08  10.54  -0.57  10.27  99.99
  Mang |   3.71   2.12   0.01   4.32   7.00   6.59   2.16   1.58   4.93   5.28   3.64   4.21  -0.74   1.20   3.67  99.99
  Sele |   3.04  11.80   1.51   3.02  -2.51  -3.49  -7.75  -0.20   3.03   1.25   9.23   0.34   3.54   2.73   1.87  -0.43  99.99
  Vit_ |  -4.59  -6.30  -3.05  -3.17  -0.29   0.52   3.99  -0.93  -1.85  -1.75  -5.51  -0.97  -2.95  -2.51  -1.65  -0.61  -5.13
  Thia |   7.04   7.59   1.41   6.57   8.04   8.20  -1.04   1.52  10.66  10.24  10.04   9.85  -1.70   2.45   5.81   5.01   2.69
  Ribo |   4.84   8.11   3.30   7.20  -0.15   0.98  -2.86   5.55   8.81   5.83   8.57   5.29   3.39   3.08   5.61   1.44   4.64
  Niac |   4.72  11.41   2.76   1.56  -1.24  -1.71  -5.97  -2.33   2.32   2.22   7.33   2.00  -0.64   2.94   1.11  -0.21   8.80
  Pant |   5.16   7.60   2.42   5.20   1.97   1.68  -3.89   1.71   7.53   4.12   8.18   3.61   2.14   2.26   3.73   2.56   5.68
  Vit_ |   4.08  10.34   0.60   3.92   1.49   0.95  -4.64   0.77   4.96   3.55   7.94   4.91  -0.35   2.50   1.92   2.31   7.08
  Fola |   5.81   4.68   0.08   9.07   9.45  12.10   1.44   3.67  14.43  11.02   6.47  11.93  -0.79   1.99   7.68   7.34  -0.82
  Food |   5.53   4.74   0.13   9.25   8.68  12.28   1.56   3.72  14.09  11.16   6.54  12.23  -0.73   2.01   7.72   7.31  -0.86
  Fola |   5.92   4.57   0.04   8.81   9.85  11.77   1.35   3.58  14.38  10.75   6.35  11.54  -0.82   1.96   7.55   7.25  -0.79
  Chol |   4.78  11.45   2.52   4.18  -0.79  -0.04  -5.32   0.23   7.44   4.19   9.74   4.43   1.51   3.72   4.17   1.48   9.41
  Vit_ |   0.96   5.73   1.01   1.36  -3.43  -3.88  -4.72  -0.33   3.93  -0.54   4.18  -0.94   3.17   3.86   1.73  -0.51   9.08
  Vit_ |  -1.49  -2.43  -0.43   0.56  -0.66   1.34   0.14   3.53   1.07   0.33  -1.90  -0.09  -0.13  -1.06  -0.15   0.70  -1.83
  Reti |   2.53   1.69   3.41   1.04  -1.50  -1.64  -1.91   0.66   3.23  -0.73   2.09  -1.04   2.51   0.40   0.13  -0.48   3.14
  Alph |  -1.16  -1.55  -0.72  -0.40  -0.20   0.09   0.53   0.18  -0.47  -0.52  -1.26   0.01  -0.52  -0.59  -0.37  -0.10  -1.27
  Beta |  -2.23  -2.93  -1.41   0.38  -0.23   1.97   0.60   3.63   0.25   0.67  -2.52   0.25  -0.83  -1.18  -0.14   0.94  -2.77
  Beta |  -2.05  -3.21  -1.30  -2.21  -0.09  -0.20   4.18  -0.73  -1.41  -1.29  -3.01  -1.18  -1.47  -1.33  -1.21  -0.69  -2.47
  Lyco |  -1.29  -1.71  -0.76  -1.54  -0.32  -0.64   1.43  -0.79  -1.01  -0.82  -1.68  -1.01  -0.83  -0.72  -0.71  -0.42  -1.28
  Lut. |  -2.36  -2.57  -1.30   0.77  -0.89   0.60  -1.25   2.42   0.65   0.76  -2.08   0.72  -0.28  -1.01  -0.35   0.15  -2.26
  Vit_ |   2.29   0.97   3.23   2.17  -0.71   0.80  -0.64   0.88   1.55   2.61   1.48   1.81   0.65  -0.01   2.44   0.98   0.73
  Vit_ |   0.56   3.27   0.83   0.17  -2.36  -2.19  -2.91  -1.14  -1.21  -0.41   3.21  -0.23  -0.19  -0.49  -1.21  -0.95   3.23
  Vit_ |  -2.31  -2.48  -1.27   1.26  -0.87   0.97  -1.41   2.80   1.00   1.30  -2.05   1.27  -0.24  -0.97   0.08   0.32  -2.54
  FA_M |  14.54   4.18  27.15   2.68  -2.40  -1.47  -3.57   1.88   0.91   0.59   3.18   0.16   4.39   1.47   0.41  -0.24   1.71
  FA_P |  11.40   5.83  11.96   4.28   0.49   2.03  -1.03   1.91   5.47   7.39   6.15   6.10   0.39   1.73   6.01   2.60   1.69
  Chol |   3.29   3.98   4.49   0.94  -3.21  -3.48  -3.93   0.56   2.37  -1.46   3.49  -1.70   3.41   1.20  -0.16  -1.21   6.34
  -----+-----------------------------------------------------------------------------------------------------------------------
 F     |   Ener   Prot   Lipi   Ash_   Carb   Fibe   Suga   Calc   Iron   Magn   Phos   Pota   Sodi   Zinc   Copp   Mang   Sele
Z 
p 
cE     |   Vit_   Thia   Ribo   Niac   Pant   Vit_   Fola   Food   Fola   Chol   Vit_   Vit_   Reti   Alph   Beta   Beta   Lyco
  -----+-----------------------------------------------------------------------------------------------------------------------
  Vit_ |  99.99
  Thia |  -2.04  99.99
  Ribo |  -2.44   5.32  99.99
  Niac |  -4.20   4.00   5.22  99.99
  Pant |  -3.28   6.27  12.57   6.17  99.99
  Vit_ |  -1.50   5.97   6.58  11.81   6.69  99.99
  Fola |  -0.57   9.69   6.59   0.65   8.08   3.42  99.99
  Food |  -0.49   9.31   6.73   0.55   8.01   3.48  38.83  99.99
  Fola |  -0.61   9.81   6.42   0.71   8.02   3.34  44.41  31.17  99.99
  Chol |  -4.32   4.65   9.81   5.96   9.90   6.38   4.65   4.79   4.49  99.99
  Vit_ |  -2.75  -0.32   5.02   4.41   5.37   3.58   0.24   0.30   0.20   6.27  99.99
  Vit_ |   1.19  -1.04   2.53  -0.99   0.87   0.31   1.43   1.48   1.37  -1.10   0.22  99.99
  Reti |  -0.78   0.46   9.15   2.70   9.60   2.71   4.07   4.12   3.99   4.14   6.91   3.65  99.99
  Alph |  -0.15  -0.64  -0.36  -0.87  -0.84  -0.77  -0.47  -0.45  -0.47  -1.17  -0.74   7.49  -0.30  99.99
  Beta |   1.46  -1.17   0.25  -1.77  -1.56  -0.37   0.37   0.41   0.34  -2.29  -1.67  27.24  -0.65   6.25  99.99
  Beta |   5.00  -1.36  -1.43  -2.09  -1.64  -1.78  -0.68  -0.65  -0.70  -2.21  -1.40   1.01  -0.46  -0.02   0.93  99.99
  Lyco |   0.49  -0.90  -1.13  -1.23  -1.08  -1.44  -0.62  -0.60  -0.62  -1.35  -0.72  -0.07  -0.23  -0.10  -0.07   3.40  99.99
  Lut. |   2.34  -0.66   0.16  -1.93  -1.31  -0.85   0.67   0.71   0.63  -1.28  -1.41   6.70  -0.59   1.08   7.42   0.54  -0.40
  Vit_ |   0.51   1.10   0.64   1.52   2.38   0.40   1.27   1.36   1.20   1.43   0.67   2.92   1.40   0.59   2.61   1.71  -0.78
  Vit_ |  -2.13   0.45   0.23   4.35   0.82   1.56  -1.43  -1.40  -1.43   2.63   2.64  -0.56   1.95  -0.51  -1.14  -1.01  -0.52
  Vit_ |   2.46  -0.55   0.29  -2.02  -1.36  -0.97   1.00   1.05   0.96  -1.51  -1.62   6.79  -0.69   0.40   7.66   0.86  -0.46
  FA_M |  -3.09   1.53   2.61   3.78   2.83   0.81  -0.18  -0.13  -0.21   2.78   1.16  -0.80   2.64  -0.73  -1.58  -1.25  -0.76
  FA_P |  -2.40   5.06   4.83   4.17   3.80   2.23   3.31   3.38   3.23   4.14   0.85  -0.68   1.04  -0.58  -0.97  -1.18  -0.67
  Chol |  -2.76  -0.03   6.44   1.35   6.41   1.76   0.12   0.17   0.08  14.58   4.57  -0.10   4.84  -0.67  -1.47  -1.02  -0.67
  -----+-----------------------------------------------------------------------------------------------------------------------
 F     |   Vit_   Thia   Ribo   Niac   Pant   Vit_   Fola   Food   Fola   Chol   Vit_   Vit_   Reti   Alph   Beta   Beta   Lyco
Z 
p 
cE     |   Lut.   Vit_   Vit_   Vit_   FA_M   FA_P   Chol
  -----+-------------------------------------------------
  Lut. |  99.99
  Vit_ |   3.72  99.99
  Vit_ |  -0.98   1.87  99.99
  Vit_ |  20.75   3.91  -1.11  99.99
  FA_M |  -1.33   3.97   1.22  -1.38  99.99
  FA_P |  -1.00   5.34   1.33  -0.67  13.85  99.99
  Chol |  -0.88   1.39   1.34  -1.44   4.45   1.77  99.99
  -----+-------------------------------------------------
 F     |   Lut.   Vit_   Vit_   Vit_   FA_M   FA_P   Chol
Z 
Z 
P 
b2VALEURS PROPRES
X APERCU DE LA PRECISION DES CALCULS : TRACE AVANT DIAGONALISATION ..  41.0000
X                                      SOMME DES VALEURS PROPRES ....  41.0000
c2HISTOGRAMME DES 41 PREMIERES VALEURS PROPRES
 e+--------+------------+-------------+-------------+----------------------------------------------------------------------------------+
 e| NUMERO |   VALEUR   | POURCENTAGE | POURCENTAGE |                                                                                  |
 e|        |   PROPRE   |             |    CUMULE   |                                                                                  |
 e+--------+------------+-------------+-------------+----------------------------------------------------------------------------------+
  |    1   |  10.2500   |     25.00   |     25.00   | ******************************************************************************** |
  |    2   |   5.5743   |     13.60   |     38.60   | ********************************************                                     |
  |    3   |   3.2444   |      7.91   |     46.51   | **************************                                                       |
  |    4   |   2.8446   |      6.94   |     53.45   | ***********************                                                          |
  |    5   |   2.0388   |      4.97   |     58.42   | ****************                                                                 |
  |    6   |   1.9284   |      4.70   |     63.12   | ****************                                                                 |
  |    7   |   1.4635   |      3.57   |     66.69   | ************                                                                     |
  |    8   |   1.3830   |      3.37   |     70.07   | ***********                                                                      |
  |    9   |   1.2132   |      2.96   |     73.03   | **********                                                                       |
  |   10   |   1.0560   |      2.58   |     75.60   | *********                                                                        |
  |   11   |   1.0143   |      2.47   |     78.07   | ********                                                                         |
  |   12   |   0.9607   |      2.34   |     80.42   | ********                                                                         |
  |   13   |   0.9049   |      2.21   |     82.62   | ********                                                                         |
  |   14   |   0.7122   |      1.74   |     84.36   | ******                                                                           |
  |   15   |   0.7045   |      1.72   |     86.08   | ******                                                                           |
  |   16   |   0.6580   |      1.60   |     87.69   | ******                                                                           |
  |   17   |   0.6338   |      1.55   |     89.23   | *****                                                                            |
  |   18   |   0.5673   |      1.38   |     90.61   | *****                                                                            |
  |   19   |   0.5248   |      1.28   |     91.89   | *****                                                                            |
  |   20   |   0.4503   |      1.10   |     92.99   | ****                                                                             |
  |   21   |   0.4019   |      0.98   |     93.97   | ****                                                                             |
  |   22   |   0.3355   |      0.82   |     94.79   | ***                                                                              |
  |   23   |   0.2934   |      0.72   |     95.51   | ***                                                                              |
  |   24   |   0.2768   |      0.68   |     96.18   | ***                                                                              |
  |   25   |   0.2443   |      0.60   |     96.78   | **                                                                               |
  |   26   |   0.2125   |      0.52   |     97.30   | **                                                                               |
  |   27   |   0.1918   |      0.47   |     97.76   | **                                                                               |
  |   28   |   0.1664   |      0.41   |     98.17   | **                                                                               |
  |   29   |   0.1415   |      0.35   |     98.52   | **                                                                               |
  |   30   |   0.1237   |      0.30   |     98.82   | *                                                                                |
  |   31   |   0.1053   |      0.26   |     99.07   | *                                                                                |
  |   32   |   0.0970   |      0.24   |     99.31   | *                                                                                |
  |   33   |   0.0804   |      0.20   |     99.51   | *                                                                                |
  |   34   |   0.0670   |      0.16   |     99.67   | *                                                                                |
  |   35   |   0.0527   |      0.13   |     99.80   | *                                                                                |
  |   36   |   0.0405   |      0.10   |     99.90   | *                                                                                |
  |   37   |   0.0228   |      0.06   |     99.95   | *                                                                                |
  |   38   |   0.0179   |      0.04   |    100.00   | *                                                                                |
  |   39   |   0.0014   |      0.00   |    100.00   | *                                                                                |
  |   40   |   0.0000   |      0.00   |    100.00   | *                                                                                |
  |   41   |   0.0000   |      0.00   |    100.00   | *                                                                                |
 f+--------+------------+-------------+-------------+----------------------------------------------------------------------------------+
Z
p 
c2RECHERCHE DE PALIERS (DIFFERENCES TROISIEMES)
 e+--------------+--------------+------------------------------------------------------+
 e|    PALIER    |  VALEUR DU   |                                                      |
 e|     ENTRE    |    PALIER    |                                                      |
 e+--------------+--------------+------------------------------------------------------+
  |    2  --  3  |    -2336.15  | **************************************************** |
  |    4  --  5  |    -1049.92  | ************************                             |
  |    6  --  7  |     -473.58  | ***********                                          |
  |    1  --  2  |     -415.63  | **********                                           |
  |   13  -- 14  |     -224.01  | *****                                                |
  |    9  -- 10  |     -127.32  | ***                                                  |
  |   17  -- 18  |      -64.51  | **                                                   |
  |   19  -- 20  |      -55.85  | **                                                   |
  |   22  -- 23  |      -41.48  | *                                                    |
  |   30  -- 31  |      -18.67  | *                                                    |
  |   25  -- 26  |      -15.69  | *                                                    |
  |   28  -- 29  |       -7.80  | *                                                    |
  |   32  -- 33  |       -4.14  | *                                                    |
 f+--------------+--------------+------------------------------------------------------+
Z 
p 
c2RECHERCHE DE PALIERS ENTRE (DIFFERENCES SECONDES)
 e+--------------+--------------+------------------------------------------------------+
 e|    PALIER    |  VALEUR DU   |                                                      |
 e|     ENTRE    |    PALIER    |                                                      |
 e+--------------+--------------+------------------------------------------------------+
  |    1  --  2  |     2345.76  | **************************************************** |
  |    2  --  3  |     1930.13  | *******************************************          |
  |    4  --  5  |      695.43  | ****************                                     |
  |    6  --  7  |      384.33  | *********                                            |
  |   13  -- 14  |      185.11  | *****                                                |
  |    9  -- 10  |      115.51  | ***                                                  |
  |   19  -- 20  |       26.07  | *                                                    |
  |   22  -- 23  |       25.51  | *                                                    |
  |   21  -- 22  |       24.34  | *                                                    |
  |   17  -- 18  |       23.92  | *                                                    |
  |   15  -- 16  |       22.28  | *                                                    |
  |    8  --  9  |       12.58  | *                                                    |
  |   25  -- 26  |       11.06  | *                                                    |
  |   30  -- 31  |       10.23  | *                                                    |
  |   28  -- 29  |        7.16  | *                                                    |
  |   32  -- 33  |        3.25  | *                                                    |
  |   24  -- 25  |        0.74  | *                                                    |
  |   27  -- 28  |        0.40  | *                                                    |
 f+--------------+--------------+------------------------------------------------------+
Z 
p 
b2INTERVALLES LAPLACIENS D'ANDERSON
c2INTERVALLES AU SEUIL 0.95
 e+--------+--------------------------------------------------------+
 e| NUMERO | BORNE INFERIEURE     VALEUR PROPRE    BORNE SUPERIEURE |
 e+--------+--------------------------------------------------------+
  |    1   |      8.3033            10.2500            12.1968      |
  |    2   |      4.5156             5.5743             6.6330      |
  |    3   |      2.6282             3.2444             3.8606      |
  |    4   |      2.3044             2.8446             3.3849      |
  |    5   |      1.6516             2.0388             2.4260      |
 f+--------+--------------------------------------------------------+
Z 
p 
c2ETENDUE ET POSITION RELATIVE DES INTERVALLES
  1 . . . . . . . . . . . . . . . . . . . . . . . . . . . . . . . . . . . . . . . . *-----------------------+-----------------------*
  2 . . . . . . . . . . . . . . . . . *------------+------------* . . . . . . . . . . . . . . . . . . . . . . . . . . . . . . . . . .
  3 . . . . . .*-------+------* . . . . . . . . . . . . . . . . . . . . . . . . . . . . . . . . . . . . . . . . . . . . . . . . . . .
  4 . . . .*------+------*. . . . . . . . . . . . . . . . . . . . . . . . . . . . . . . . . . . . . . . . . . . . . . . . . . . . . .
  5 *---+----*. . . . . . . . . . . . . . . . . . . . . . . . . . . . . . . . . . . . . . . . . . . . . . . . . . . . . . . . . . . .
 F
Z 
Z 
P 
b2COORDONNEES DES VARIABLES SUR LES AXES  1 A  5
c2VARIABLES ACTIVES
 e----------------------------+------------------------------------+-------------------------------+-------------------------------
 e         VARIABLES          |             COORDONNEES            | CORRELATIONS VARIABLE-FACTEUR |     ANCIENS AXES UNITAIRES
 e----------------------------+------------------------------------+-------------------------------+-------------------------------
 eIDEN - LIBELLE COURT        |    1      2      3      4      5   |    1     2     3     4     5  |    1     2     3     4     5
 e----------------------------+------------------------------------+-------------------------------+-------------------------------
  Ener - Energ_Kcal           |   0.68   0.20   0.01  -0.58   0.05 |  0.68  0.20  0.01 -0.58  0.05 |  0.21  0.09  0.00 -0.35  0.03
  Prot - Protein_.g.          |   0.75   0.44  -0.11   0.11  -0.30 |  0.75  0.44 -0.11  0.11 -0.30 |  0.23  0.19 -0.06  0.06 -0.21
  Lipi - Lipid_Tot_.g.        |   0.32   0.44   0.24  -0.73   0.17 |  0.32  0.44  0.24 -0.73  0.17 |  0.10  0.19  0.14 -0.44  0.12
  Ash_ - Ash_.g.              |   0.73  -0.07   0.20  -0.17  -0.17 |  0.73 -0.07  0.20 -0.17 -0.17 |  0.23 -0.03  0.11 -0.10 -0.12
  Carb - Carbohydrt_.g.       |   0.43  -0.60  -0.30  -0.08  -0.01 |  0.43 -0.60 -0.30 -0.08 -0.01 |  0.13 -0.25 -0.17 -0.05  0.00
  Fibe - Fiber_TD_.g.         |   0.50  -0.69  -0.13  -0.09  -0.04 |  0.50 -0.69 -0.13 -0.09 -0.04 |  0.16 -0.29 -0.07 -0.05 -0.03
  Suga - Sugar_Tot_.g.        |  -0.23  -0.55  -0.19  -0.15   0.31 | -0.23 -0.55 -0.19 -0.15  0.31 | -0.07 -0.23 -0.11 -0.09  0.22
  Calc - Calcium_.mg.         |   0.36  -0.10   0.44  -0.23  -0.10 |  0.36 -0.10  0.44 -0.23 -0.10 |  0.11 -0.04  0.24 -0.13 -0.07
  Iron - Iron_.mg.            |   0.83  -0.24   0.00   0.15   0.06 |  0.83 -0.24  0.00  0.15  0.06 |  0.26 -0.10  0.00  0.09  0.04
  Magn - Magnesium_.mg.       |   0.77  -0.38  -0.05  -0.09  -0.24 |  0.77 -0.38 -0.05 -0.09 -0.24 |  0.24 -0.16 -0.03 -0.05 -0.17
  Phos - Phosphorus_.mg.      |   0.82   0.25  -0.09   0.04  -0.26 |  0.82  0.25 -0.09  0.04 -0.26 |  0.26  0.10 -0.05  0.02 -0.18
  Pota - Potassium_.mg.       |   0.73  -0.41  -0.09  -0.02  -0.22 |  0.73 -0.41 -0.09 -0.02 -0.22 |  0.23 -0.17 -0.05 -0.01 -0.15
  Sodi - Sodium_.mg.          |   0.17   0.39   0.33  -0.29   0.02 |  0.17  0.39  0.33 -0.29  0.02 |  0.05  0.17  0.18 -0.17  0.02
  Zinc - Zinc_.mg.            |   0.35   0.12  -0.08   0.06  -0.17 |  0.35  0.12 -0.08  0.06 -0.17 |  0.11  0.05 -0.04  0.03 -0.12
  Copp - Copper_mg.           |   0.62  -0.23  -0.07  -0.01  -0.14 |  0.62 -0.23 -0.07 -0.01 -0.14 |  0.19 -0.10 -0.04 -0.01 -0.10
  Mang - Manganese_.mg.       |   0.40  -0.34  -0.08  -0.04   0.03 |  0.40 -0.34 -0.08 -0.04  0.03 |  0.12 -0.15 -0.04 -0.03  0.02
  Sele - Selenium_.µg.        |   0.37   0.64  -0.07   0.33  -0.21 |  0.37  0.64 -0.07  0.33 -0.21 |  0.12  0.27 -0.04  0.19 -0.15
  Vit_ - Vit_C_.mg.           |  -0.30  -0.35   0.08   0.05   0.20 | -0.30 -0.35  0.08  0.05  0.20 | -0.09 -0.15  0.04  0.03  0.14
  Thia - Thiamin_.mg.         |   0.70  -0.20  -0.19   0.01  -0.12 |  0.70 -0.20 -0.19  0.01 -0.12 |  0.22 -0.08 -0.11  0.01 -0.08
  Ribo - Riboflavin_.mg.      |   0.66   0.23   0.25   0.24   0.28 |  0.66  0.23  0.25  0.24  0.28 |  0.21  0.10  0.14  0.14  0.19
  Niac - Niacin_.mg.          |   0.40   0.49  -0.11   0.21  -0.27 |  0.40  0.49 -0.11  0.21 -0.27 |  0.13  0.21 -0.06  0.13 -0.19
  Pant - Panto_Acid_mg.       |   0.66   0.24   0.08   0.29   0.39 |  0.66  0.24  0.08  0.29  0.39 |  0.20  0.10  0.04  0.17  0.27
  Vit_ - Vit_B6_.mg.          |   0.51   0.25  -0.06   0.34  -0.22 |  0.51  0.25 -0.06  0.34 -0.22 |  0.16  0.11 -0.03  0.20 -0.15
  Fola - Folate_Tot_.µg.      |   0.76  -0.48  -0.02   0.10   0.28 |  0.76 -0.48 -0.02  0.10  0.28 |  0.24 -0.20 -0.01  0.06  0.19
  Food - Food_Folate_.µg.     |   0.76  -0.47  -0.01   0.10   0.28 |  0.76 -0.47 -0.01  0.10  0.28 |  0.24 -0.20 -0.01  0.06  0.19
  Fola - Folate_DFE_.µg.      |   0.76  -0.48  -0.03   0.10   0.28 |  0.76 -0.48 -0.03  0.10  0.28 |  0.24 -0.20 -0.02  0.06  0.19
  Chol - Choline_Tot_..mg.    |   0.61   0.44   0.00   0.31   0.14 |  0.61  0.44  0.00  0.31  0.14 |  0.19  0.18  0.00  0.18  0.10
  Vit_ - Vit_B12_.µg.         |   0.25   0.50   0.07   0.37   0.14 |  0.25  0.50  0.07  0.37  0.14 |  0.08  0.21  0.04  0.22  0.10
  Vit_ - Vit_A_IU             |   0.00  -0.24   0.80   0.22   0.02 |  0.00 -0.24  0.80  0.22  0.02 |  0.00 -0.10  0.44  0.13  0.02
  Reti - Retinol_.µg.         |   0.29   0.28   0.25   0.25   0.64 |  0.29  0.28  0.25  0.25  0.64 |  0.09  0.12  0.14  0.15  0.45
  Alph - Alpha_Carot_.µg.     |  -0.08  -0.13   0.33   0.08  -0.07 | -0.08 -0.13  0.33  0.08 -0.07 | -0.02 -0.05  0.18  0.05 -0.05
  Beta - Beta_Carot_.µg.      |  -0.08  -0.33   0.74   0.15  -0.17 | -0.08 -0.33  0.74  0.15 -0.17 | -0.02 -0.14  0.41  0.09 -0.12
  Beta - Beta_Crypt_.µg.      |  -0.19  -0.19   0.05  -0.02   0.25 | -0.19 -0.19  0.05 -0.02  0.25 | -0.06 -0.08  0.03 -0.01  0.17
  Lyco - Lycopene_.µg.        |  -0.13  -0.07  -0.05  -0.02   0.15 | -0.13 -0.07 -0.05 -0.02  0.15 | -0.04 -0.03 -0.03 -0.01  0.11
  Lut. - Lut.Zea_..µg.        |  -0.06  -0.28   0.68   0.14  -0.24 | -0.06 -0.28  0.68  0.14 -0.24 | -0.02 -0.12  0.38  0.08 -0.16
  Vit_ - Vit_E_.mg.           |   0.18   0.02   0.38  -0.16  -0.03 |  0.18  0.02  0.38 -0.16 -0.03 |  0.06  0.01  0.21 -0.10 -0.02
  Vit_ - Vit_D_IU             |   0.06   0.32  -0.03   0.10  -0.16 |  0.06  0.32 -0.03  0.10 -0.16 |  0.02  0.14 -0.02  0.06 -0.11
  Vit_ - Vit_K_.µg.           |  -0.04  -0.30   0.68   0.12  -0.25 | -0.04 -0.30  0.68  0.12 -0.25 | -0.01 -0.13  0.38  0.07 -0.17
  FA_M - FA_Mono_.g.          |   0.30   0.46   0.21  -0.71   0.15 |  0.30  0.46  0.21 -0.71  0.15 |  0.09  0.19  0.11 -0.42  0.10
  FA_P - FA_Poly_.g.          |   0.53   0.17   0.09  -0.55   0.00 |  0.53  0.17  0.09 -0.55  0.00 |  0.16  0.07  0.05 -0.33  0.00
  Chol - Cholestrl_.mg.       |   0.24   0.53   0.17   0.13   0.38 |  0.24  0.53  0.17  0.13  0.38 |  0.08  0.22  0.09  0.08  0.27
 f----------------------------+------------------------------------+-------------------------------+-------------------------------
Z 
p 
c2VARIABLES ILLUSTRATIVES
 e----------------------------+------------------------------------+-------------------------------+-------------------------------
 e         VARIABLES          |             COORDONNEES            | CORRELATIONS VARIABLE-FACTEUR |     ANCIENS AXES UNITAIRES
 e----------------------------+------------------------------------+-------------------------------+-------------------------------
 eIDEN - LIBELLE COURT        |    1      2      3      4      5   |    1     2     3     4     5  |    1     2     3     4     5
 e----------------------------+------------------------------------+-------------------------------+-------------------------------
  Wate - Water_.g.            |  -0.80   0.05   0.13   0.39   0.05 | -0.80  0.05  0.13  0.39  0.05 |
  FA_S - FA_Sat_.g.           |   0.18   0.41   0.27  -0.67   0.20 |  0.18  0.41  0.27 -0.67  0.20 |
 f----------------------------+------------------------------------+-------------------------------+-------------------------------
Z 
Z 
P 
b2COORDONNEES, CONTRIBUTIONS ET COSINUS CARRES DES INDIVIDUS
c2AXES  1 A  5
 e+---------------------------------------+-------------------------------+--------------------------+--------------------------+
 e|               INDIVIDUS               |          COORDONNEES          |      CONTRIBUTIONS       |      COSINUS CARRES      |
 e|---------------------------------------+-------------------------------+--------------------------+--------------------------|
 e| IDENTIFICATEUR           P.REL  DISTO |   1     2     3     4     5   |   1    2    3    4    5  |   1    2    3    4    5  |
 e+---------------------------------------+-------------------------------+--------------------------+--------------------------+
  | BUTTER,WITH SALT          0.47 124.45 |  0.69  4.21  3.48 -8.06  3.23 |  0.0  1.5  1.7 10.7  2.4 | 0.00 0.14 0.10 0.52 0.08 |
  | BUTTER,WHIPPED,W/ SALT    0.47 113.96 |  0.54  4.01  3.09 -7.68  3.33 |  0.0  1.3  1.4  9.7  2.5 | 0.00 0.14 0.08 0.52 0.10 |
  | CHEESE,BLUE               0.47 116.43 |  3.46  3.31  3.54 -3.85 -0.01 |  0.5  0.9  1.8  2.4  0.0 | 0.10 0.09 0.11 0.13 0.00 |
  | CHEESE,BRICK              0.47  96.66 |  2.46  2.71  3.16 -3.92 -0.36 |  0.3  0.6  1.4  2.5  0.0 | 0.06 0.08 0.10 0.16 0.00 |
  | CHEESE,BRIE               0.47  35.48 |  1.79  2.72  1.78 -2.53  0.78 |  0.1  0.6  0.5  1.1  0.1 | 0.09 0.21 0.09 0.18 0.02 |
  | CHEESE,CAMEMBERT          0.47  64.95 |  2.67  2.86  2.67 -2.67  0.49 |  0.3  0.7  1.0  1.2  0.1 | 0.11 0.13 0.11 0.11 0.00 |
  | CHEESE,FETA               0.47  97.33 |  3.15  2.69  3.06 -2.42  0.18 |  0.5  0.6  1.3  1.0  0.0 | 0.10 0.07 0.10 0.06 0.00 |
  | MILK,WHL,3.25% MILKFAT,W  0.47   8.11 | -2.08  0.02 -0.27 -0.41  0.44 |  0.2  0.0  0.0  0.0  0.0 | 0.53 0.00 0.01 0.02 0.02 |
  | EGG,WHL,RAW,FRSH          0.47  50.40 |  1.97  3.59  0.89  1.28  2.19 |  0.2  1.1  0.1  0.3  1.1 | 0.08 0.26 0.02 0.03 0.10 |
  | EGG,DUCK,WHOLE,FRESH,RAW  0.47 100.37 |  3.42  4.81  1.46  1.74  3.79 |  0.5  1.9  0.3  0.5  3.3 | 0.12 0.23 0.02 0.03 0.14 |
  | EGG,GOOSE,WHOLE,FRESH,RA  0.47  94.10 |  3.23  4.71  1.35  1.67  3.61 |  0.5  1.9  0.3  0.5  3.0 | 0.11 0.24 0.02 0.03 0.14 |
  | EGG,QUAIL,WHOLE,FRESH,RA  0.47  98.79 |  3.18  4.51  1.51  1.87  3.83 |  0.5  1.7  0.3  0.6  3.4 | 0.10 0.21 0.02 0.04 0.15 |
  | YOGURT,GREEK,PLN,LOWFAT   0.47   6.87 | -1.53  0.41 -0.25  0.01  0.26 |  0.1  0.0  0.0  0.0  0.0 | 0.34 0.02 0.01 0.00 0.01 |
  | CHICKEN,LIVER,ALL CLASSE  0.47 506.28 | 12.37  4.54  4.45 10.23 12.69 |  7.0  1.7  2.8 17.2 36.9 | 0.30 0.04 0.04 0.21 0.32 |
  | DUCK,DOMESTICATED,MEAT&S  0.47  40.56 |  1.37  3.00  0.66 -4.24  0.77 |  0.1  0.8  0.1  2.9  0.1 | 0.05 0.22 0.01 0.44 0.01 |
  | DUCK,DOMESTICATED,MEAT O  0.47  12.42 |  1.37  1.79 -0.34  0.94 -0.09 |  0.1  0.3  0.0  0.1  0.0 | 0.15 0.26 0.01 0.07 0.00 |
  | TURKEY,WHL,MEAT & SKN,RA  0.47  14.39 |  0.56  2.59 -0.60  0.84 -1.10 |  0.0  0.6  0.1  0.1  0.3 | 0.02 0.47 0.02 0.05 0.08 |
  | TURKEY,WHL,MEAT ONLY,RAW  0.47  16.77 |  0.53  2.51 -0.74  1.48 -1.32 |  0.0  0.5  0.1  0.4  0.4 | 0.02 0.38 0.03 0.13 0.10 |
  | Turkey from whole, dark   0.47  10.43 |  0.44  2.39 -0.55  1.26 -0.76 |  0.0  0.5  0.0  0.3  0.1 | 0.02 0.55 0.03 0.15 0.06 |
  | CHICKEN,SKN (DRUMSTICKS   0.47  60.08 |  0.45  3.27  0.79 -5.63  1.03 |  0.0  0.9  0.1  5.2  0.2 | 0.00 0.18 0.01 0.53 0.02 |
  | APPLES,RAW,WITH SKIN      0.47  15.73 | -3.04 -1.20 -1.08 -0.49  0.75 |  0.4  0.1  0.2  0.0  0.1 | 0.59 0.09 0.07 0.02 0.04 |
  | APPLES,RAW,WITHOUT SKIN   0.47  15.91 | -3.15 -1.05 -1.08 -0.44  0.75 |  0.5  0.1  0.2  0.0  0.1 | 0.62 0.07 0.07 0.01 0.04 |
  | APPLES,RAW,WO/SKN,CKD,BL  0.47  16.79 | -3.06 -1.20 -1.14 -0.53  0.75 |  0.4  0.1  0.2  0.0  0.1 | 0.56 0.09 0.08 0.02 0.03 |
  | APPLES,RAW,WO/ SKN,CKD,M  0.47  17.56 | -3.03 -1.29 -1.18 -0.57  0.78 |  0.4  0.1  0.2  0.1  0.1 | 0.52 0.09 0.08 0.02 0.03 |
  | APRICOTS,RAW              0.47  12.71 | -2.57 -1.43 -0.19 -0.34  0.70 |  0.3  0.2  0.0  0.0  0.1 | 0.52 0.16 0.00 0.01 0.04 |
  | AVOCADOS,RAW,ALL COMM VA  0.47  14.32 |  0.50 -0.34  0.31 -1.83  0.71 |  0.0  0.0  0.0  0.6  0.1 | 0.02 0.01 0.01 0.23 0.04 |
  | AVOCADOS,RAW,CALIFORNIA   0.47  15.07 |  0.70 -0.31  0.32 -1.79  0.72 |  0.0  0.0  0.0  0.5  0.1 | 0.03 0.01 0.01 0.21 0.03 |
  | BANANAS,RAW               0.47  14.21 | -1.78 -1.48 -1.27 -0.21  0.49 |  0.1  0.2  0.2  0.0  0.1 | 0.22 0.15 0.11 0.00 0.02 |
  | BLACKBERRIES,RAW          0.47   8.98 | -2.12 -1.33 -0.55 -0.38  0.37 |  0.2  0.1  0.0  0.0  0.0 | 0.50 0.20 0.03 0.02 0.02 |
  | BLUEBERRIES,RAW           0.47  13.74 | -2.81 -1.20 -0.92 -0.46  0.69 |  0.4  0.1  0.1  0.0  0.1 | 0.57 0.10 0.06 0.02 0.03 |
  | BREADFRUIT,RAW            0.47  13.34 | -1.66 -1.96 -1.31 -0.54  0.55 |  0.1  0.3  0.2  0.0  0.1 | 0.21 0.29 0.13 0.02 0.02 |
  | CARAMBOLA,(STARFRUIT),RA  0.47  10.23 | -2.71 -0.89 -0.76 -0.18  0.54 |  0.3  0.1  0.1  0.0  0.1 | 0.72 0.08 0.06 0.00 0.03 |
  | CHERRIES,SOUR,RED,RAW     0.47  11.62 | -2.72 -1.17 -0.59 -0.29  0.52 |  0.3  0.1  0.0  0.0  0.1 | 0.64 0.12 0.03 0.01 0.02 |
  | CHERRIES,SWEET,RAW        0.47  16.71 | -2.69 -1.43 -1.15 -0.53  0.78 |  0.3  0.2  0.2  0.0  0.1 | 0.43 0.12 0.08 0.02 0.04 |
  | CRANBERRIES,RAW           0.47  11.22 | -2.75 -0.87 -0.64 -0.34  0.44 |  0.3  0.1  0.1  0.0  0.0 | 0.68 0.07 0.04 0.01 0.02 |
  | CURRANTS,RED&WHITE,RAW    0.47  10.44 | -2.28 -1.52 -0.89 -0.38  0.43 |  0.2  0.2  0.1  0.0  0.0 | 0.50 0.22 0.08 0.01 0.02 |
  | FIGS,RAW                  0.47  21.56 | -2.38 -1.74 -1.21 -0.64  0.89 |  0.3  0.3  0.2  0.1  0.2 | 0.26 0.14 0.07 0.02 0.04 |
  | GRAPEFRUIT,RAW,PINK&RED,  0.47  23.45 | -2.97 -1.23 -0.63 -0.20  1.06 |  0.4  0.1  0.1  0.0  0.3 | 0.38 0.06 0.02 0.00 0.05 |
  | GRAPEFRUIT,RAW,WHITE,ALL  0.47  11.91 | -2.94 -0.97 -0.89 -0.20  0.72 |  0.4  0.1  0.1  0.0  0.1 | 0.72 0.08 0.07 0.00 0.04 |
  | GRAPEFRUIT JUC,WHITE,RAW  0.47  14.09 | -3.04 -1.09 -0.94 -0.28  0.84 |  0.4  0.1  0.1  0.0  0.2 | 0.65 0.08 0.06 0.01 0.05 |
  | KIWIFRUIT,GRN,RAW         0.47  18.74 | -2.41 -1.92 -0.43 -0.50  0.81 |  0.3  0.3  0.0  0.0  0.2 | 0.31 0.20 0.01 0.01 0.03 |
  | KUMQUATS,RAW              0.47  20.16 | -2.32 -2.08 -0.69 -0.56  1.27 |  0.2  0.4  0.1  0.1  0.4 | 0.27 0.21 0.02 0.02 0.08 |
  | LEMONS,RAW,WITHOUT PEEL   0.47  11.42 | -2.76 -0.99 -0.72 -0.12  0.51 |  0.3  0.1  0.1  0.0  0.1 | 0.67 0.09 0.05 0.00 0.02 |
  | LEMON JUICE,RAW           0.47  12.23 | -3.07 -0.68 -0.73 -0.08  0.55 |  0.4  0.0  0.1  0.0  0.1 | 0.77 0.04 0.04 0.00 0.02 |
  | LIMES,RAW                 0.47  10.28 | -2.70 -0.78 -0.69 -0.16  0.33 |  0.3  0.1  0.1  0.0  0.0 | 0.71 0.06 0.05 0.00 0.01 |
  | LIME JUICE,RAW            0.47  11.42 | -2.98 -0.58 -0.68 -0.13  0.33 |  0.4  0.0  0.1  0.0  0.0 | 0.78 0.03 0.04 0.00 0.01 |
  | MANGOS,RAW                0.47  17.25 | -2.55 -1.77 -0.66 -0.34  1.13 |  0.3  0.3  0.1  0.0  0.3 | 0.38 0.18 0.03 0.01 0.07 |
  | MELONS,CANTALOUPE,RAW     0.47  12.75 | -2.72 -1.43  0.14  0.02  0.44 |  0.3  0.2  0.0  0.0  0.0 | 0.58 0.16 0.00 0.00 0.02 |
  | NECTARINES,RAW            0.47  12.08 | -2.72 -1.06 -0.73 -0.40  0.65 |  0.3  0.1  0.1  0.0  0.1 | 0.61 0.09 0.04 0.01 0.04 |
  | ORANGES,RAW,ALL COMM VAR  0.47  15.57 | -2.71 -1.68 -0.78 -0.31  1.24 |  0.3  0.2  0.1  0.0  0.3 | 0.47 0.18 0.04 0.01 0.10 |
  | ORANGE JUICE,RAW          0.47  18.35 | -2.92 -1.49 -0.83 -0.25  1.31 |  0.4  0.2  0.1  0.0  0.4 | 0.46 0.12 0.04 0.00 0.09 |
  | TANGERINES,(MANDARIN ORA  0.47  47.03 | -3.04 -1.86 -0.60 -0.40  1.83 |  0.4  0.3  0.1  0.0  0.8 | 0.20 0.07 0.01 0.00 0.07 |
  | TANGERINE JUICE,RAW       0.47  23.11 | -3.23 -1.41 -0.80 -0.39  1.32 |  0.5  0.2  0.1  0.0  0.4 | 0.45 0.09 0.03 0.01 0.08 |
  | PAPAYAS,RAW               0.47 107.72 | -3.42 -2.38 -0.50 -0.36  2.95 |  0.5  0.5  0.0  0.0  2.0 | 0.11 0.05 0.00 0.00 0.08 |
  | PEACHES,YEL,RAW           0.47  12.11 | -2.82 -1.04 -0.74 -0.39  0.65 |  0.4  0.1  0.1  0.0  0.1 | 0.66 0.09 0.05 0.01 0.03 |
  | PEARS,RAW                 0.47  14.55 | -2.85 -1.27 -1.08 -0.53  0.65 |  0.4  0.1  0.2  0.0  0.1 | 0.56 0.11 0.08 0.02 0.03 |
  | PINEAPPLE,RAW,ALL VAR     0.47  14.50 | -2.73 -1.44 -1.07 -0.24  0.92 |  0.3  0.2  0.2  0.0  0.2 | 0.51 0.14 0.08 0.00 0.06 |
  | PLUMS,RAW                 0.47  13.85 | -2.95 -1.17 -0.88 -0.43  0.73 |  0.4  0.1  0.1  0.0  0.1 | 0.63 0.10 0.06 0.01 0.04 |
  | POMEGRANATES,RAW          0.47  15.82 | -2.02 -1.81 -1.14 -0.57  0.97 |  0.2  0.3  0.2  0.1  0.2 | 0.26 0.21 0.08 0.02 0.06 |
  | RASPBERRIES,RAW           0.47   8.94 | -2.00 -1.36 -0.71 -0.37  0.41 |  0.2  0.2  0.1  0.0  0.0 | 0.45 0.21 0.06 0.02 0.02 |
  | RHUBARB,RAW               0.47   9.67 | -2.48 -0.66 -0.28 -0.30 -0.14 |  0.3  0.0  0.0  0.0  0.0 | 0.64 0.04 0.01 0.01 0.00 |
  | STRAWBERRIES,RAW          0.47  11.99 | -2.74 -1.18 -0.75 -0.21  0.65 |  0.3  0.1  0.1  0.0  0.1 | 0.63 0.12 0.05 0.00 0.04 |
  | WATERMELON,RAW            0.47 146.86 | -3.52 -1.16 -1.05 -0.30  1.96 |  0.6  0.1  0.2  0.0  0.9 | 0.08 0.01 0.01 0.00 0.03 |
  | PEARS,ASIAN,RAW           0.47  12.68 | -2.87 -1.07 -1.00 -0.42  0.47 |  0.4  0.1  0.1  0.0  0.1 | 0.65 0.09 0.08 0.01 0.02 |
  | FRUIT JUC SMOOTHIE,BOLTH  0.47  14.89 | -2.82 -1.39 -0.98 -0.33  0.96 |  0.4  0.2  0.1  0.0  0.2 | 0.54 0.13 0.06 0.01 0.06 |
  | FRUIT JUC SMOOTHIE,ODWAL  0.47  79.59 | -2.38 -1.51  0.92 -1.12  1.20 |  0.3  0.2  0.1  0.2  0.3 | 0.07 0.03 0.01 0.02 0.02 |
  | PORK,FRSH,FAT,RAW         0.47 131.17 |  1.78  4.16  1.31 -8.63  1.15 |  0.1  1.5  0.2 12.2  0.3 | 0.02 0.13 0.01 0.57 0.01 |
  | PORK,FRSH,LEG (HAM),WHL,  0.47  25.52 |  1.61  2.14 -1.10  1.05 -1.45 |  0.1  0.4  0.2  0.2  0.5 | 0.10 0.18 0.05 0.04 0.08 |
  | PORK,FRSH,LOIN,WHL,LN&FA  0.47  26.40 |  1.61  2.34 -0.83 -0.01 -1.18 |  0.1  0.5  0.1  0.0  0.3 | 0.10 0.21 0.03 0.00 0.05 |
  | PORK  FRSH  LOIN  TENDER  0.47  38.89 |  2.03  2.21 -1.25  1.83 -1.80 |  0.2  0.4  0.2  0.6  0.7 | 0.11 0.13 0.04 0.09 0.08 |
  | PORK LOIN,FRSH,BACKRIBS,  0.47  17.89 |  1.34  2.80 -0.58  0.43 -1.11 |  0.1  0.7  0.0  0.0  0.3 | 0.10 0.44 0.02 0.01 0.07 |
  | ALFALFA SEEDS,SPROUTED,R  0.47   7.14 | -1.77 -0.40 -0.45  0.15  0.23 |  0.1  0.0  0.0  0.0  0.0 | 0.44 0.02 0.03 0.00 0.01 |
  | ARTICHOKES,(GLOBE OR FRE  0.47   5.18 | -0.61 -1.24 -0.56 -0.03 -0.18 |  0.0  0.1  0.0  0.0  0.0 | 0.07 0.30 0.06 0.00 0.01 |
  | ASPARAGUS,RAW             0.47   5.84 | -1.43 -0.88 -0.01  0.30  0.08 |  0.1  0.1  0.0  0.0  0.0 | 0.35 0.13 0.00 0.02 0.00 |
  | BAMBOO SHOOTS,RAW         0.47   7.30 | -1.67 -0.70 -0.75 -0.08 -0.40 |  0.1  0.0  0.1  0.0  0.0 | 0.38 0.07 0.08 0.00 0.02 |
  | BEANS,SNAP,GREEN,RAW      0.47   5.45 | -1.84 -1.00 -0.16  0.11  0.05 |  0.2  0.1  0.0  0.0  0.0 | 0.62 0.18 0.00 0.00 0.00 |
  | BEETS,RAW                 0.47   8.86 | -1.44 -1.61 -0.89 -0.27  0.71 |  0.1  0.2  0.1  0.0  0.1 | 0.23 0.29 0.09 0.01 0.06 |
  | BROCCOLI,RAW              0.47  12.32 | -1.54 -1.43  0.52  0.43  0.32 |  0.1  0.2  0.0  0.0  0.0 | 0.19 0.17 0.02 0.02 0.01 |
  | BRUSSELS SPROUTS,RAW      0.47  13.31 | -1.15 -1.85  0.77  0.35 -0.16 |  0.1  0.3  0.1  0.0  0.0 | 0.10 0.26 0.04 0.01 0.00 |
  | BURDOCK ROOT,RAW          0.47   6.10 | -1.55 -0.96 -0.83 -0.19 -0.11 |  0.1  0.1  0.1  0.0  0.0 | 0.39 0.15 0.11 0.01 0.00 |
  | CABBAGE,SAVOY,RAW         0.47   6.83 | -1.69 -1.35 -0.14  0.19  0.18 |  0.1  0.2  0.0  0.0  0.0 | 0.42 0.27 0.00 0.01 0.00 |
  | CARROTS,RAW               0.47 149.22 | -2.33 -2.68  5.92  1.42 -0.91 |  0.2  0.6  5.0  0.3  0.2 | 0.04 0.05 0.23 0.01 0.01 |
  | CASSAVA,RAW               0.47   9.26 | -1.65 -1.10 -1.07 -0.47  0.12 |  0.1  0.1  0.2  0.0  0.0 | 0.29 0.13 0.12 0.02 0.00 |
  | CAULIFLOWER,RAW           0.47   7.22 | -1.68 -0.77 -0.59  0.39  0.61 |  0.1  0.0  0.1  0.0  0.1 | 0.39 0.08 0.05 0.02 0.05 |
  | CELERIAC,RAW              0.47   5.34 | -1.72 -0.44 -0.39 -0.16 -0.29 |  0.1  0.0  0.0  0.0  0.0 | 0.55 0.04 0.03 0.00 0.02 |
  | CELERY,RAW                0.47   8.02 | -2.25 -0.62 -0.17 -0.09  0.09 |  0.2  0.0  0.0  0.0  0.0 | 0.63 0.05 0.00 0.00 0.00 |
  | CHARD,SWISS,RAW           0.47 122.74 | -1.48 -3.15  7.62  1.17 -3.11 |  0.1  0.8  8.4  0.2  2.2 | 0.02 0.08 0.47 0.01 0.08 |
  | CHAYOTE,FRUIT,RAW         0.47   9.49 | -2.06 -0.92 -0.77  0.11  0.60 |  0.2  0.1  0.1  0.0  0.1 | 0.45 0.09 0.06 0.00 0.04 |
  | CHICORY GREENS,RAW        0.47  57.53 | -0.58 -2.94  5.24  1.17 -1.15 |  0.0  0.7  4.0  0.2  0.3 | 0.01 0.15 0.48 0.02 0.02 |
  | CHIVES,RAW                0.47  15.03 | -1.05 -2.19  1.79  0.58 -0.06 |  0.1  0.4  0.5  0.1  0.0 | 0.07 0.32 0.21 0.02 0.00 |
  | COLLARDS,RAW              0.47  42.04 | -0.78 -2.74  4.64  0.63 -0.90 |  0.0  0.6  3.1  0.1  0.2 | 0.01 0.18 0.51 0.01 0.02 |
  | CORIANDER (CILANTRO) LEA  0.47  33.21 | -0.95 -2.31  3.59  0.70 -0.27 |  0.0  0.4  1.9  0.1  0.0 | 0.03 0.16 0.39 0.01 0.00 |
  | CORN,SWT,YEL,RAW          0.47   7.68 | -1.37 -1.10 -0.89 -0.17  0.66 |  0.1  0.1  0.1  0.0  0.1 | 0.25 0.16 0.10 0.00 0.06 |
  | COWPEAS,YOUNG PODS W/SEE  0.47   5.08 | -0.95 -1.38  0.11  0.34  0.35 |  0.0  0.2  0.0  0.0  0.0 | 0.18 0.38 0.00 0.02 0.02 |
  | CUCUMBER,WITH PEEL,RAW    0.47  10.47 | -2.79 -0.42 -0.60 -0.05  0.23 |  0.4  0.0  0.1  0.0  0.0 | 0.74 0.02 0.03 0.00 0.00 |
  | CUCUMBER,PEELED,RAW       0.47  10.65 | -2.77 -0.42 -0.65 -0.03  0.24 |  0.4  0.0  0.1  0.0  0.0 | 0.72 0.02 0.04 0.00 0.01 |
  | DANDELION GREENS,RAW      0.47 160.14 | -0.58 -3.99  9.93  1.68 -3.17 |  0.0  1.3 14.2  0.5  2.3 | 0.00 0.10 0.62 0.02 0.06 |
  | EGGPLANT,RAW              0.47   8.11 | -2.29 -0.80 -0.80 -0.13  0.20 |  0.2  0.1  0.1  0.0  0.0 | 0.65 0.08 0.08 0.00 0.01 |
  | ENDIVE,RAW                0.47  14.00 | -0.81 -1.76  1.12  0.53  0.35 |  0.0  0.3  0.2  0.0  0.0 | 0.05 0.22 0.09 0.02 0.01 |
  | GARLIC,RAW                0.47  36.46 |  0.87 -0.24 -0.79  0.78 -1.45 |  0.0  0.0  0.1  0.1  0.5 | 0.02 0.00 0.02 0.02 0.06 |
  | GINGER ROOT,RAW           0.47   6.29 | -1.56 -0.76 -0.90 -0.22 -0.26 |  0.1  0.0  0.1  0.0  0.0 | 0.39 0.09 0.13 0.01 0.01 |
  | KOHLRABI,RAW              0.47   9.73 | -2.13 -1.14 -0.64 -0.11  0.13 |  0.2  0.1  0.1  0.0  0.0 | 0.47 0.13 0.04 0.00 0.00 |
  | LETTUCE,ICEBERG (INCL CR  0.47  10.03 | -2.67 -0.65 -0.40 -0.04  0.18 |  0.3  0.0  0.0  0.0  0.0 | 0.71 0.04 0.02 0.00 0.00 |
  | LETTUCE,RED LEAF,RAW      0.47  21.51 | -2.26 -1.39  2.65  0.86 -0.57 |  0.2  0.2  1.0  0.1  0.1 | 0.24 0.09 0.33 0.03 0.01 |
  | MUSHROOMS,WHITE,RAW       0.47   9.68 | -0.90  0.35 -0.60  0.89  0.45 |  0.0  0.0  0.1  0.1  0.0 | 0.08 0.01 0.04 0.08 0.02 |
  | OKRA,RAW                  0.47   5.51 | -1.08 -1.32 -0.30  0.10 -0.25 |  0.1  0.1  0.0  0.0  0.0 | 0.21 0.32 0.02 0.00 0.01 |
  | ONIONS,RAW                0.47   9.23 | -2.57 -0.75 -0.89 -0.16  0.29 |  0.3  0.0  0.1  0.0  0.0 | 0.72 0.06 0.09 0.00 0.01 |
  | PEAS,GREEN,RAW            0.47   7.37 | -0.68 -1.77 -0.26  0.22 -0.14 |  0.0  0.3  0.0  0.0  0.0 | 0.06 0.43 0.01 0.01 0.00 |
  | PEPPERS,SWT,GRN,RAW       0.47  14.34 | -2.78 -0.96 -0.44  0.15  0.33 |  0.4  0.1  0.0  0.0  0.0 | 0.54 0.06 0.01 0.00 0.01 |
  | PIGEONPEAS,IMMAT SEEDS,R  0.47  11.03 |  1.35 -2.20 -0.91 -0.01  0.48 |  0.1  0.4  0.1  0.0  0.1 | 0.17 0.44 0.08 0.00 0.02 |
  | POTATOES,FLESH & SKN,RAW  0.47   6.34 | -1.47 -0.73 -0.93  0.05 -0.35 |  0.1  0.0  0.1  0.0  0.0 | 0.34 0.08 0.14 0.00 0.02 |
  | PUMPKIN,RAW               0.47 135.90 | -2.40 -1.87  3.95  1.07 -0.70 |  0.3  0.3  2.2  0.2  0.1 | 0.04 0.03 0.11 0.01 0.00 |
  | RADISHES,RAW              0.47   9.03 | -2.52 -0.61 -0.65 -0.09  0.23 |  0.3  0.0  0.1  0.0  0.0 | 0.70 0.04 0.05 0.00 0.01 |
  | RUTABAGAS,RAW             0.47   6.79 | -2.11 -0.97 -0.77 -0.20  0.19 |  0.2  0.1  0.1  0.0  0.0 | 0.65 0.14 0.09 0.01 0.01 |
  | SEAWEED,AGAR,RAW          0.47   9.67 | -1.33 -1.11 -0.36 -0.18  0.18 |  0.1  0.1  0.0  0.0  0.0 | 0.18 0.13 0.01 0.00 0.00 |
  | SPINACH,RAW               0.47 103.47 |  0.34 -4.27  7.49  1.74 -2.04 |  0.0  1.5  8.1  0.5  1.0 | 0.00 0.18 0.54 0.03 0.04 |
  | SWEET POTATO,RAW,UNPREP   0.47  52.47 | -1.53 -2.11  3.53  0.98 -0.43 |  0.1  0.4  1.8  0.2  0.0 | 0.04 0.09 0.24 0.02 0.00 |
  | TARO,RAW                  0.47   9.86 | -0.73 -1.13 -0.51 -0.44 -0.58 |  0.0  0.1  0.0  0.0  0.1 | 0.05 0.13 0.03 0.02 0.03 |
  | TARO LEAVES,RAW           0.47  19.91 |  0.52 -2.62  2.35  0.55 -0.17 |  0.0  0.6  0.8  0.1  0.0 | 0.01 0.35 0.28 0.02 0.00 |
  | TOMATOES,GREEN,RAW        0.47   7.91 | -2.49 -0.70 -0.45  0.03  0.38 |  0.3  0.0  0.0  0.0  0.0 | 0.78 0.06 0.03 0.00 0.02 |
  | TOMATOES,RED,RIPE,RAW,YE  0.47  51.31 | -2.88 -0.90 -0.54 -0.12  0.78 |  0.4  0.1  0.0  0.0  0.1 | 0.16 0.02 0.01 0.00 0.01 |
  | TURNIPS,RAW               0.47   8.06 | -2.46 -0.70 -0.70 -0.20  0.28 |  0.3  0.0  0.1  0.0  0.0 | 0.75 0.06 0.06 0.00 0.01 |
  | WATERCHESTNUTS,CHINESE,(  0.47   7.09 | -0.72 -0.98 -0.87 -0.01 -0.10 |  0.0  0.1  0.1  0.0  0.0 | 0.07 0.13 0.11 0.00 0.00 |
  | WATERCRESS,RAW            0.47  25.17 | -2.03 -1.49  3.23  0.57 -1.23 |  0.2  0.2  1.5  0.1  0.3 | 0.16 0.09 0.41 0.01 0.06 |
  | YAM,RAW                   0.47   9.98 | -0.87 -1.33 -1.05 -0.15 -0.49 |  0.0  0.1  0.2  0.0  0.1 | 0.08 0.18 0.11 0.00 0.02 |
  | YAMBEAN (JICAMA),RAW      0.47   9.98 | -2.50 -0.90 -0.77 -0.19  0.26 |  0.3  0.1  0.1  0.0  0.0 | 0.63 0.08 0.06 0.00 0.01 |
  | SQUASH,SMMR,ALL VAR,RAW   0.47   8.27 | -2.17 -0.72 -0.15  0.30 -0.05 |  0.2  0.0  0.0  0.0  0.0 | 0.57 0.06 0.00 0.01 0.00 |
  | SEAWEED,SPIRULINA,RAW     0.47  10.85 | -1.24 -0.17 -0.40  0.20  0.08 |  0.1  0.0  0.0  0.0  0.0 | 0.14 0.00 0.01 0.00 0.00 |
  | SEAWEED,WAKAME,RAW        0.47  78.65 |  2.25 -0.98  1.70 -1.45  0.12 |  0.2  0.1  0.4  0.3  0.0 | 0.06 0.01 0.04 0.03 0.00 |
  | PEPPERS,HOT CHILI,GRN,RA  0.47  75.55 | -2.57 -2.38  0.12  0.40  1.13 |  0.3  0.5  0.0  0.0  0.3 | 0.09 0.07 0.00 0.00 0.02 |
  | PEPPERS,HOT CHILI,RED,RA  0.47  30.00 | -2.02 -1.59 -0.10  0.49  0.50 |  0.2  0.2  0.0  0.0  0.1 | 0.14 0.08 0.00 0.01 0.01 |
  | PEPPERS,SWT,RED,RAW       0.47  75.99 | -2.83 -2.22  0.74  0.38  2.07 |  0.4  0.4  0.1  0.0  1.0 | 0.11 0.06 0.01 0.00 0.06 |
  | TOMATILLOS,RAW            0.47   7.53 | -2.32 -0.69 -0.64 -0.21 -0.01 |  0.2  0.0  0.1  0.0  0.0 | 0.72 0.06 0.05 0.01 0.00 |
  | FENNEL,BULB,RAW           0.47   6.60 | -1.89 -1.20  0.08 -0.21 -0.09 |  0.2  0.1  0.0  0.0  0.0 | 0.54 0.22 0.00 0.01 0.00 |
  | ARUGULA,RAW               0.47  12.22 | -0.88 -1.83  1.78  0.21 -0.34 |  0.0  0.3  0.5  0.0  0.0 | 0.06 0.27 0.26 0.00 0.01 |
  | NOPALES,RAW               0.47  10.48 | -1.98 -0.79 -0.07 -0.37 -0.35 |  0.2  0.1  0.0  0.0  0.0 | 0.38 0.06 0.00 0.01 0.01 |
  | CAULIFLOWER,GREEN,RAW     0.47  11.78 | -1.39 -1.10 -0.51  0.52  0.78 |  0.1  0.1  0.0  0.0  0.1 | 0.16 0.10 0.02 0.02 0.05 |
  | GRAPE LEAVES,RAW          0.47 219.89 |  1.24 -5.14  9.83  1.59 -1.82 |  0.1  2.2 13.9  0.4  0.8 | 0.01 0.12 0.44 0.01 0.02 |
  | MUSHROOMS,OYSTER,RAW      0.47   7.83 | -0.24  0.14 -0.72  0.92  0.21 |  0.0  0.0  0.1  0.1  0.0 | 0.01 0.00 0.07 0.11 0.01 |
  | MUSHROOMS,MAITAKE,RAW     0.47  61.11 | -1.20  1.13 -1.08  0.99 -1.00 |  0.1  0.1  0.2  0.2  0.2 | 0.02 0.02 0.02 0.02 0.02 |
  | BEEF,FLANK,STEAK,LN,0' F  0.47  15.83 |  0.88  2.54 -0.73  1.06 -1.38 |  0.0  0.5  0.1  0.2  0.4 | 0.05 0.41 0.03 0.07 0.12 |
  | BEEF,SHRT LOIN,T-BONE ST  0.47  14.32 |  0.53  2.46 -0.61  0.78 -1.28 |  0.0  0.5  0.1  0.1  0.4 | 0.02 0.42 0.03 0.04 0.11 |
  | BEEF,CHUCK FOR STEW,LN &  0.47  13.77 |  0.84  2.38 -0.70  1.13 -1.28 |  0.0  0.5  0.1  0.2  0.4 | 0.05 0.41 0.04 0.09 0.12 |
  | BEEF,PLATE STEAK,BNLESS,  0.47  13.05 |  0.60  2.48 -0.51  0.56 -0.90 |  0.0  0.5  0.0  0.1  0.2 | 0.03 0.47 0.02 0.02 0.06 |
  | BEEF,RND,TOP RND STEAK,B  0.47  16.06 |  0.73  2.40 -0.73  1.27 -1.46 |  0.0  0.5  0.1  0.3  0.5 | 0.03 0.36 0.03 0.10 0.13 |
  | BEEF,LOIN,TOP LOIN STK,B  0.47  14.13 |  0.58  2.54 -0.58  0.48 -1.21 |  0.0  0.5  0.0  0.0  0.3 | 0.02 0.46 0.02 0.02 0.10 |
  | BEEF,LOIN,TENDERLOIN STE  0.47  14.02 |  0.72  2.43 -0.52  1.02 -1.01 |  0.0  0.5  0.0  0.2  0.2 | 0.04 0.42 0.02 0.07 0.07 |
  | CARP,RAW                  0.47  49.27 |  0.67  2.48 -0.50  0.31 -1.57 |  0.0  0.5  0.0  0.0  0.6 | 0.01 0.12 0.01 0.00 0.05 |
  | COD,ATLANTIC,RAW          0.47   8.02 | -0.44  1.47 -0.68  0.74 -1.23 |  0.0  0.2  0.1  0.1  0.3 | 0.02 0.27 0.06 0.07 0.19 |
  | FISH,COD,PACIFIC,RAW (MA  0.47  10.24 | -0.69  1.66 -0.30  0.34 -0.80 |  0.0  0.2  0.0  0.0  0.1 | 0.05 0.27 0.01 0.01 0.06 |
  | CROAKER,ATLANTIC,RAW      0.47   8.97 |  0.20  2.09 -0.45  0.92 -0.96 |  0.0  0.4  0.0  0.1  0.2 | 0.00 0.49 0.02 0.09 0.10 |
  | EEL,MIXED SPECIES,RAW     0.47  71.65 |  0.68  3.25  1.52 -0.16  0.80 |  0.0  0.9  0.3  0.0  0.1 | 0.01 0.15 0.03 0.00 0.01 |
  | FLATFISH (FLOUNDER&SOLE   0.47  10.12 | -0.97  1.73 -0.24  0.12 -0.79 |  0.0  0.3  0.0  0.0  0.1 | 0.09 0.30 0.01 0.00 0.06 |
  | HADDOCK,RAW               0.47   8.11 | -0.46  1.84 -0.47  0.79 -0.94 |  0.0  0.3  0.0  0.1  0.2 | 0.03 0.42 0.03 0.08 0.11 |
  | HERRING,ATLANTIC,RAW      0.47  31.54 |  1.23  3.43  0.14  0.94 -0.47 |  0.1  1.0  0.0  0.1  0.1 | 0.05 0.37 0.00 0.03 0.01 |
  | MACKEREL,ATLANTIC,RAW     0.47  46.25 |  2.17  4.31  0.02  0.62 -1.37 |  0.2  1.6  0.0  0.1  0.4 | 0.10 0.40 0.00 0.01 0.04 |
  | MULLET,STRIPED,RAW        0.47  10.33 |  0.46  2.15 -0.49  0.85 -1.29 |  0.0  0.4  0.0  0.1  0.4 | 0.02 0.45 0.02 0.07 0.16 |
  | OCEAN PERCH,ATLANTIC,RAW  0.47   9.74 | -0.74  1.73 -0.20  0.19 -0.73 |  0.0  0.3  0.0  0.0  0.1 | 0.06 0.31 0.00 0.00 0.05 |
  | PIKE,NORTHERN,RAW         0.47   6.29 | -0.37  1.32 -0.53  0.66 -0.65 |  0.0  0.1  0.0  0.1  0.1 | 0.02 0.28 0.04 0.07 0.07 |
  | FISH,POLLOCK,ALASKA,RAW   0.47  10.68 | -0.98  1.49 -0.18  0.14 -0.56 |  0.0  0.2  0.0  0.0  0.1 | 0.09 0.21 0.00 0.00 0.03 |
  | POMPANO,FLORIDA,RAW       0.47  18.98 |  0.76  2.22 -0.74  0.26 -1.18 |  0.0  0.4  0.1  0.0  0.3 | 0.03 0.26 0.03 0.00 0.07 |
  | ROCKFISH,PACIFIC,MXD SP,  0.47  17.06 | -0.03  2.34 -0.64  1.20 -1.32 |  0.0  0.5  0.1  0.2  0.4 | 0.00 0.32 0.02 0.08 0.10 |
  | FISH,SALMON,SOCKEYE,RAW   0.47  35.80 |  1.50  3.67 -0.59  1.95 -1.71 |  0.1  1.1  0.1  0.6  0.7 | 0.06 0.38 0.01 0.11 0.08 |
  | SCUP,RAW                  0.47   8.07 |  0.12  2.01 -0.55  0.88 -0.96 |  0.0  0.3  0.0  0.1  0.2 | 0.00 0.50 0.04 0.10 0.11 |
  | SEA BASS,MXD SP,RAW       0.47  10.41 | -0.05  1.98 -0.54  0.92 -1.10 |  0.0  0.3  0.0  0.1  0.3 | 0.00 0.38 0.03 0.08 0.12 |
  | SMELT,RAINBOW,RAW         0.47   8.73 |  0.09  1.90 -0.34  0.72 -0.76 |  0.0  0.3  0.0  0.1  0.1 | 0.00 0.41 0.01 0.06 0.07 |
  | STURGEON,MXD SP,RAW       0.47  15.89 |  0.09  2.34 -0.42  0.85 -0.80 |  0.0  0.5  0.0  0.1  0.1 | 0.00 0.34 0.01 0.05 0.04 |
  | SWORDFISH,RAW             0.47  35.62 |  0.96  3.56 -0.45  0.95 -2.33 |  0.0  1.1  0.0  0.1  1.2 | 0.03 0.36 0.01 0.03 0.15 |
  | TROUT,MIXED SPECIES,RAW   0.47  20.13 |  1.65  2.55 -0.28  1.02  0.05 |  0.1  0.5  0.0  0.2  0.0 | 0.14 0.32 0.00 0.05 0.00 |
  | TUNA,FRESH,BLUEFIN,RAW    0.47  34.98 |  1.81  3.78  0.15  2.30 -0.17 |  0.1  1.2  0.0  0.9  0.0 | 0.09 0.41 0.00 0.15 0.00 |
  | TUNA,FRESH,YELLOWFIN,RAW  0.47  81.56 |  1.94  4.37 -1.40  3.09 -3.65 |  0.2  1.6  0.3  1.6  3.1 | 0.05 0.23 0.02 0.12 0.16 |
  | WHITEFISH,MXD SP,RAW      0.47  15.16 |  0.42  2.13 -0.55  0.22 -1.07 |  0.0  0.4  0.0  0.0  0.3 | 0.01 0.30 0.02 0.00 0.08 |
  | WHITING,MIXED SPECIES,RA  0.47   8.24 | -0.47  1.70 -0.50  0.64 -0.89 |  0.0  0.2  0.0  0.1  0.2 | 0.03 0.35 0.03 0.05 0.10 |
  | CRAYFISH,MXD SP,WILD,RAW  0.47  12.68 |  0.31  1.49 -0.11  0.67 -0.69 |  0.0  0.2  0.0  0.1  0.1 | 0.01 0.18 0.00 0.04 0.04 |
  | LOBSTER,NORTHERN,RAW      0.47  34.82 |  0.99  2.33  0.05  0.73 -1.00 |  0.0  0.5  0.0  0.1  0.2 | 0.03 0.16 0.00 0.02 0.03 |
  | CRUSTACEANS,SHRIMP,MXD S  0.47  18.22 | -0.20  2.14  0.41  0.04 -0.59 |  0.0  0.4  0.0  0.0  0.1 | 0.00 0.25 0.01 0.00 0.02 |
  | ABALONE,MIXED SPECIES,RA  0.47  36.91 |  1.47  2.03  0.59  0.99  0.02 |  0.1  0.3  0.1  0.2  0.0 | 0.06 0.11 0.01 0.03 0.00 |
  | CLAM,MIXED SPECIES,RAW    0.47  34.15 | -0.36  2.58  0.46  0.62 -0.12 |  0.0  0.6  0.0  0.1  0.0 | 0.00 0.19 0.01 0.01 0.00 |
  | MUSSEL,BLUE,RAW           0.47  31.80 |  1.23  1.87 -0.12  1.45  0.03 |  0.1  0.3  0.0  0.3  0.0 | 0.05 0.11 0.00 0.07 0.00 |
  | OCTOPUS,COMMON,RAW        0.47  64.83 |  1.41  2.98  0.06  2.53 -0.41 |  0.1  0.7  0.0  1.1  0.0 | 0.03 0.14 0.00 0.10 0.00 |
  | OYSTER,EASTERN,WILD,RAW   0.47 238.94 |  2.16  1.19 -0.98  1.32 -2.03 |  0.2  0.1  0.1  0.3  0.9 | 0.02 0.01 0.00 0.01 0.02 |
  | SQUID,MIXED SPECIES,RAW   0.47  36.05 |  1.12  1.73 -0.22  0.96 -0.63 |  0.1  0.3  0.0  0.2  0.1 | 0.04 0.08 0.00 0.03 0.01 |
  | WHELK,UNSPECIFIED,RAW     0.47  31.74 |  1.80  1.76 -0.45  1.45 -1.36 |  0.1  0.3  0.0  0.3  0.4 | 0.10 0.10 0.01 0.07 0.06 |
  | CATFISH,CHANNEL,FARMED,R  0.47   5.78 | -0.49  1.63 -0.25 -0.09 -0.26 |  0.0  0.2  0.0  0.0  0.0 | 0.04 0.46 0.01 0.00 0.01 |
  | SALMON,ATLANTIC,FARMED,R  0.47  38.07 |  2.05  3.53  0.18  0.21 -1.09 |  0.2  1.0  0.0  0.0  0.3 | 0.11 0.33 0.00 0.00 0.03 |
  | FISH,TILAPIA,RAW          0.47   9.69 | -0.34  1.87 -0.75  0.90 -1.10 |  0.0  0.3  0.1  0.1  0.3 | 0.01 0.36 0.06 0.08 0.12 |
  | BEANS,BLACK,MATURE SEEDS  0.47 126.30 |  8.92 -5.54 -2.08 -0.17 -0.57 |  3.6  2.6  0.6  0.0  0.1 | 0.63 0.24 0.03 0.00 0.00 |
  | BEANS,KIDNEY,RED,MATURE   0.47 103.57 |  8.19 -4.86 -2.01  0.09 -0.57 |  3.1  2.0  0.6  0.0  0.1 | 0.65 0.23 0.04 0.00 0.00 |
  | BEANS,WHITE,MATURE SEEDS  0.47 142.53 |  9.34 -5.69 -1.52 -0.24 -1.10 |  4.0  2.7  0.3  0.0  0.3 | 0.61 0.23 0.02 0.00 0.01 |
  | BROADBEANS (FAVA BEANS),  0.47 138.71 |  9.27 -5.63 -2.21  0.16 -0.22 |  3.9  2.7  0.7  0.0  0.0 | 0.62 0.23 0.04 0.00 0.00 |
  | CHICKPEAS (GARBANZO BNS,  0.47 293.19 |  9.59 -6.85 -2.28 -0.54  2.49 |  4.2  3.9  0.7  0.0  1.4 | 0.31 0.16 0.02 0.00 0.02 |
  | COWPEAS,COMMON (BLACKEYE  0.47 169.04 | 10.54 -6.00 -2.10  0.79  1.17 |  5.1  3.0  0.6  0.1  0.3 | 0.66 0.21 0.03 0.00 0.01 |
  | LENTILS,RAW               0.47 109.63 |  8.21 -4.02 -2.00  1.12  1.24 |  3.1  1.4  0.6  0.2  0.4 | 0.61 0.15 0.04 0.01 0.01 |
  | MUNG BNS,MATURE SEEDS,RA  0.47 171.50 | 10.55 -6.34 -1.95  0.70  1.25 |  5.1  3.4  0.5  0.1  0.4 | 0.65 0.23 0.02 0.00 0.01 |
  | PEANUTS,ALL TYPES,RAW     0.47 234.20 |  9.66  0.93  1.51 -7.65 -0.41 |  4.3  0.1  0.3  9.6  0.0 | 0.40 0.00 0.01 0.25 0.00 |
  | SOYBEANS,MATURE SEEDS,RA  0.47 280.58 | 14.60 -3.76 -0.28 -2.44 -1.45 |  9.7  1.2  0.0  1.0  0.5 | 0.76 0.05 0.00 0.02 0.01 |
  | SOY FLOUR,FULL-FAT,RAW    0.47 340.17 | 15.28 -3.71 -0.08 -2.39 -1.95 | 10.6  1.2  0.0  0.9  0.9 | 0.69 0.04 0.00 0.02 0.01 |
  | LAMB,DOM,COMP OF RTL CUT  0.47  19.97 |  1.48  3.19 -0.17 -0.94 -0.39 |  0.1  0.9  0.0  0.1  0.0 | 0.11 0.51 0.00 0.04 0.01 |
  | LAMB,DOM,LEG,WHL (SHK&SI  0.47  17.49 |  1.42  3.03 -0.31 -0.34 -0.49 |  0.1  0.8  0.0  0.0  0.1 | 0.11 0.53 0.01 0.01 0.01 |
  | LAMB,DOM,RIB,LN&FAT,1/4'  0.47  26.96 |  1.58  3.47  0.09 -2.08 -0.17 |  0.1  1.0  0.0  0.7  0.0 | 0.09 0.45 0.00 0.16 0.00 |
  | LAMB,DOM,SHLDR,WHL (ARM&  0.47  14.05 |  0.77  2.70 -0.11 -1.24 -0.09 |  0.0  0.6  0.0  0.3  0.0 | 0.04 0.52 0.00 0.11 0.00 |
  | VEAL,LEG (TOP RND),LN&FA  0.47  16.19 |  0.86  2.32 -0.67  1.34 -0.96 |  0.0  0.5  0.1  0.3  0.2 | 0.05 0.33 0.03 0.11 0.06 |
  | VEAL,LEG (TOP RND),LN&FA  0.47  16.19 |  0.86  2.32 -0.67  1.34 -0.96 |  0.0  0.5  0.1  0.3  0.2 | 0.05 0.33 0.03 0.11 0.06 |
  | VEAL,SHLDR,WHL (ARM&BLD)  0.47  11.72 |  0.80  2.26 -0.40  0.98 -0.41 |  0.0  0.4  0.0  0.2  0.0 | 0.05 0.44 0.01 0.08 0.01 |
  | VEAL,SIRLOIN,LN&FAT,RAW   0.47  15.35 |  0.99  2.51 -0.45  0.88 -0.58 |  0.0  0.5  0.0  0.1  0.1 | 0.06 0.41 0.01 0.05 0.02 |
  | LAMB,GROUND,RAW           0.47  15.61 |  0.81  2.77 -0.07 -1.49 -0.05 |  0.0  0.6  0.0  0.4  0.0 | 0.04 0.49 0.00 0.14 0.00 |
  | GAME MEAT,DEER,GROUND,RA  0.47  16.48 |  1.44  2.02 -0.76  0.97 -0.98 |  0.1  0.3  0.1  0.2  0.2 | 0.13 0.25 0.04 0.06 0.06 |
  | VEAL,SHANK,LN,RAW         0.47  11.92 |  0.48  2.27 -0.52  1.39 -0.72 |  0.0  0.4  0.0  0.3  0.1 | 0.02 0.43 0.02 0.16 0.04 |
  | BARLEY,PEARLED,RAW        0.47  42.28 |  2.22 -1.55 -2.07 -0.41 -1.57 |  0.2  0.2  0.6  0.0  0.6 | 0.12 0.06 0.10 0.00 0.06 |
  | OAT BRAN,RAW              0.47 122.13 |  7.26 -2.44 -2.08 -0.90 -2.60 |  2.4  0.5  0.6  0.1  1.5 | 0.43 0.05 0.04 0.01 0.06 |
  | RICE,BROWN,LONG-GRAIN,RA  0.47  38.11 |  2.65 -0.72 -1.95 -0.46 -1.56 |  0.3  0.0  0.6  0.0  0.6 | 0.18 0.01 0.10 0.01 0.06 |
  | RICE,WHITE,LONG-GRAIN,RE  0.47  45.55 |  2.30 -1.95 -1.91 -0.05  0.52 |  0.2  0.3  0.5  0.0  0.1 | 0.12 0.08 0.08 0.00 0.01 |
  | WILD RICE,RAW             0.47  45.04 |  3.92 -1.46 -1.76 -0.22 -1.52 |  0.7  0.2  0.4  0.0  0.5 | 0.34 0.05 0.07 0.00 0.05 |
  | RICE,WHITE,LONG-GRAIN,RE  0.47  26.61 | -0.14 -0.64 -1.52 -0.68 -0.24 |  0.0  0.0  0.3  0.1  0.0 | 0.00 0.02 0.09 0.02 0.00 |
 f+---------------------------------------+-------------------------------+--------------------------+--------------------------+
Z 
Z 
P 
b2COORDONNEES ET VALEURS-TEST DES MODALITES
c2AXES  1 A  5
 e+---------------------------------------------+-------------------------------+------------------------------------+----------+
 e|                  MODALITES                  |          VALEURS-TEST         |             COORDONNEES            |          |
 e|---------------------------------------------|-------------------------------|------------------------------------|----------|
 e| IDEN - LIBELLE               EFF.    P.ABS  |   1     2     3     4     5   |    1      2      3      4      5   |  DISTO.  |
 e+---------------------------------------------+-------------------------------+------------------------------------+----------+
DE|   45 . FdGrp_Desc                                                                                                           |
  | m1   - Beef Products           7      7.00  |   0.6   2.8  -0.9   1.4  -2.3 |   0.70   2.46  -0.62   0.90  -1.22 |    13.58 |
  | m2   - Cereal Grains and Pa    6      6.00  |   2.3  -1.5  -2.6  -0.7  -2.0 |   3.04  -1.46  -1.88  -0.45  -1.16 |    32.97 |
  | m3   - Dairy and Egg Produc   13     13.00  |   2.0   4.9   4.0  -4.2   4.3 |   1.76   3.12   1.96  -1.92   1.67 |    31.13 |
  | m4   - Finfish and Shellfis   39     39.00  |   1.1   6.8  -1.0   3.5  -4.4 |   0.53   2.32  -0.26   0.85  -0.92 |     8.91 |
  | m5   - Fruits and Fruit Jui   46     46.00  |  -6.1  -4.1  -3.1  -2.0   4.4 |  -2.57  -1.28  -0.72  -0.43   0.82 |    10.23 |
  | m6   - Lamb, Veal, and Game   11     11.00  |   1.1   3.8  -0.7   0.1  -1.3 |   1.04   2.62  -0.37   0.07  -0.53 |    11.98 |
  | m7   - Legumes and Legume P   11     11.00  |  11.0  -6.7  -2.6  -1.9   0.0 |  10.38  -4.68  -1.36  -0.96  -0.01 |   133.40 |
  | m8   - Pork Products           5      5.00  |   1.2   2.6  -0.6  -1.4  -1.4 |   1.68   2.73  -0.49  -1.06  -0.88 |    23.79 |
  | m9   - Poultry Products        7      7.00  |   2.0   3.3   0.8   1.1   3.0 |   2.44   2.87   0.52   0.70   1.60 |    22.03 |
  | m10  - Vegetables and Veget   69     69.00  |  -4.5  -5.7   4.2   1.6  -0.9 |  -1.44  -1.33   0.75   0.26  -0.13 |     4.89 |
 F+---------------------------------------------+-------------------------------+------------------------------------+----------+
DE|   46 . Rec_Water_.g.                                                                                                        |
  | m1   - < 17.700               19     19.00  |  10.0  -5.3  -2.6  -4.1  -0.1 |   7.03  -2.74  -1.04  -1.53  -0.03 |    61.81 |
  | m2   - [17.700;33.700[         1      1.00  |   0.6   1.8   0.7  -5.1   0.8 |   1.78   4.16   1.31  -8.63   1.15 |   131.17 |
  | m3   - [33.700;49.700[         6      6.00  |   1.4   3.2   2.3  -5.4   0.6 |   1.85   3.08   1.67  -3.71   0.34 |    34.66 |
  | m4   - [49.700;65.700[        10     10.00  |   1.4   3.2   0.6  -1.5  -0.9 |   1.37   2.37   0.34  -0.79  -0.42 |     9.88 |
  | m5   - [65.700;81.700[        74     74.00  |   2.1   6.8  -0.8   5.2  -1.9 |   0.64   1.52  -0.13   0.82  -0.26 |     3.63 |
  | m6   - >= 81.700             104    104.00  |  -8.8  -6.2   1.1   0.6   2.0 |  -2.00  -1.03   0.14   0.07   0.20 |     5.24 |
 F+---------------------------------------------+-------------------------------+------------------------------------+----------+
DE|   47 . Rec_FA_Sat_.g.                                                                                                       |
  | m1   - < 5.944               198    198.00  |  -2.8  -5.4  -3.5   9.7  -1.6 |  -0.17  -0.25  -0.12   0.32  -0.05 |     0.22 |
  | m2   - [5.944;11.883[          5      5.00  |   2.0   2.4   0.2  -3.1  -0.5 |   2.83   2.53   0.17  -2.33  -0.29 |    26.74 |
  | m3   - [11.883;17.821[         6      6.00  |   1.4   3.2   2.1  -4.8   0.9 |   1.84   3.00   1.51  -3.26   0.51 |    30.01 |
  | m4   - [17.821;23.760[         3      3.00  |   1.4   2.5   2.6  -5.6   0.3 |   2.57   3.40   2.67  -5.47   0.26 |    70.01 |
  | m5   - >= 23.760               2      2.00  |   0.3   2.5   2.6  -6.6   3.3 |   0.62   4.11   3.29  -7.87   3.28 |   118.85 |
 F+---------------------------------------------+-------------------------------+------------------------------------+----------+
Z 
Z 
Z 
P 
